GROUP,PACKAGE,CLASS,INSTRUCTION_MISSED,INSTRUCTION_COVERED,BRANCH_MISSED,BRANCH_COVERED,LINE_MISSED,LINE_COVERED,COMPLEXITY_MISSED,COMPLEXITY_COVERED,METHOD_MISSED,METHOD_COVERED
lms,com.skilrock.lms.coreEngine.scratchService.orderMgmt.serviceImpl,ScratchGameDataServiceImpl,58,0,0,0,17,0,3,0,3,0
lms,com.skilrock.lms.rest.scratchService.BaseController,BaseController,0,32,0,0,0,6,0,3,0,3
lms,com.skilrock.lms.rest.scratchService.BaseController,BaseController.new TypeToken() {...},0,6,0,0,0,1,0,1,0,1
lms,com.skilrock.lms.coreEngine.instantPrint.common,CommonMethods,316,0,40,0,67,0,27,0,7,0
lms,com.skilrock.lms.coreEngine.instantPrint.common,IPEErrorMsg,45,0,5,0,14,0,6,0,2,0
lms,com.skilrock.lms.coreEngine.instantPrint.common,IPEUtility,307,0,42,0,69,0,36,0,15,0
lms,com.skilrock.lms.coreEngine.drawGames.common,CommonFunctionsHelper,3016,0,214,0,658,0,131,0,24,0
lms,com.skilrock.lms.coreEngine.drawGames.common,DGPromoScheme,102,0,8,0,25,0,6,0,2,0
lms,com.skilrock.lms.coreEngine.drawGames.common,OfflineApprovalHelper,994,0,52,0,214,0,30,0,4,0
lms,com.skilrock.lms.coreEngine.drawGames.common,DGErrorMsg,180,82,34,1,72,5,35,1,2,1
lms,com.skilrock.lms.coreEngine.drawGames.common,CommonFunctionsHelper.new Comparator() {...},11,0,0,0,2,0,2,0,2,0
lms,com.skilrock.lms.coreEngine.drawGames.common,CommonFunctionsHelper.new Comparator() {...},11,0,0,0,2,0,2,0,2,0
lms,com.skilrock.lms.coreEngine.drawGames.common,CommonFunctionsHelper.new Comparator() {...},12,0,2,0,4,0,3,0,2,0
lms,com.skilrock.lms.web.virtualSports.reportsMgmt.controller,VSRetailerReportsControllerImpl,395,0,32,0,89,0,21,0,5,0
lms,com.skilrock.lms.web.virtualSports.reportsMgmt.controller,VSAgentReportsControllerImpl,979,0,80,0,187,0,48,0,8,0
lms,com.skilrock.lms.embedded.commercialService.common,CSTerminalSaleAction,482,0,12,0,112,0,40,0,34,0
lms,com.skilrock.lms.web.scratchService.customerSpecificReport.controller,CustomersReportAction,65,267,7,11,21,59,15,19,8,17
lms,com.skilrock.log.activity.ret,RetAcitivityLogInterceptor,262,0,22,0,60,0,19,0,8,0
lms,com.skilrock.lms.coreEngine.sportsLottery.gameMgmt.controllerImpl,EventInsertionControllerImpl,30,0,0,0,13,0,3,0,3,0
lms,com.skilrock.lms.coreEngine.sportsLottery.gameMgmt.controllerImpl,DrawEventMappingControllerImpl,46,0,0,0,20,0,4,0,4,0
lms,com.skilrock.lms.web.commercialService.playMgmt,CSWebSaleAction,1245,0,38,0,243,0,49,0,30,0
lms,com.skilrock.lms.android.drawGames.common,AndroidErrors,74,0,0,0,19,0,2,0,2,0
lms,com.skilrock.lms.coreEngine.sportsLottery.beans,GameDataReportBean,151,0,0,0,42,0,28,0,28,0
lms,com.skilrock.lms.coreEngine.sportsLottery.beans,WinningResultReportBean,52,0,0,0,23,0,15,0,15,0
lms,com.skilrock.lms.coreEngine.sportsLottery.beans,DrawTicketDataBean,45,0,0,0,20,0,13,0,13,0
lms,com.skilrock.lms.coreEngine.sportsLottery.beans,SportsLotteryGamePlayBean,136,0,0,0,58,0,39,0,39,0
lms,com.skilrock.lms.coreEngine.sportsLottery.beans,GameTypeMasterBean,220,0,0,0,63,0,42,0,42,0
lms,com.skilrock.lms.coreEngine.sportsLottery.beans,PwtVerifyTicketBean,66,0,0,0,28,0,19,0,19,0
lms,com.skilrock.lms.coreEngine.sportsLottery.beans,GameTypeReportBean,45,0,0,0,20,0,13,0,13,0
lms,com.skilrock.lms.coreEngine.sportsLottery.beans,SportsLotteryGameEventDataBean,24,0,0,0,10,0,7,0,7,0
lms,com.skilrock.lms.coreEngine.sportsLottery.beans,PayPwtTicketBean,45,0,0,0,19,0,13,0,13,0
lms,com.skilrock.lms.coreEngine.sportsLottery.beans,RetGameDataReportBean,82,0,0,0,21,0,14,0,14,0
lms,com.skilrock.lms.coreEngine.sportsLottery.beans,SportsLotteryGameDrawDataBean,62,0,0,0,26,0,17,0,17,0
lms,com.skilrock.lms.coreEngine.sportsLottery.beans,GameReportBean,52,0,0,0,23,0,15,0,15,0
lms,com.skilrock.lms.coreEngine.sportsLottery.beans,TeamMasterBean,38,0,0,0,17,0,11,0,11,0
lms,com.skilrock.lms.coreEngine.sportsLottery.beans,SportsLotteryPayPwtBean,59,0,0,0,25,0,17,0,17,0
lms,com.skilrock.lms.coreEngine.sportsLottery.beans,EventMasterBean,118,0,0,0,30,0,20,0,20,0
lms,com.skilrock.lms.coreEngine.sportsLottery.beans,PwtVerifyTicketDrawDataBean,66,0,0,0,28,0,19,0,19,0
lms,com.skilrock.lms.coreEngine.sportsLottery.beans,DrawEventResultBean,31,0,0,0,14,0,9,0,9,0
lms,com.skilrock.lms.coreEngine.sportsLottery.beans,PrizeRankDrawWinningBean,38,0,0,0,17,0,11,0,11,0
lms,com.skilrock.lms.coreEngine.sportsLottery.beans,GameMasterBean,154,0,0,0,39,0,26,0,26,0
lms,com.skilrock.lms.coreEngine.sportsLottery.beans,DrawMasterBean,190,0,0,0,48,0,32,0,32,0
lms,com.skilrock.lms.coreEngine.scratchService.orderMgmt.common,BookRecieveRegistrationRetailerHelper,581,7,36,0,132,2,21,2,3,2
lms,com.skilrock.lms.coreEngine.scratchService.orderMgmt.common,BookRecieveRegistrationWarehouseHelper,267,0,12,0,62,0,10,0,4,0
lms,com.skilrock.lms.coreEngine.scratchService.orderMgmt.common,GenerateRetailerOrderHelper,316,3,20,0,78,1,12,1,2,1
lms,com.skilrock.lms.coreEngine.scratchService.orderMgmt.common,AgentOrderProcessHelper,408,0,36,0,104,0,21,0,3,0
lms,com.skilrock.lms.coreEngine.scratchService.orderMgmt.common,GameDetailsHelper,946,0,72,0,250,0,46,0,10,0
lms,com.skilrock.lms.coreEngine.scratchService.orderMgmt.common,BOOrderProcessHelper,2482,0,206,0,658,0,121,0,18,0
lms,com.skilrock.lms.coreEngine.scratchService.orderMgmt.common,ManageCartHelper,84,0,14,0,24,0,10,0,3,0
lms,com.skilrock.lms.coreEngine.scratchService.orderMgmt.common,ProcessRetailerRequestHelper,343,0,54,0,75,0,30,0,3,0
lms,com.skilrock.lms.coreEngine.scratchService.orderMgmt.common,SearchGameHelper,825,0,108,0,204,0,60,0,6,0
lms,com.skilrock.lms.coreEngine.scratchService.orderMgmt.common,RequestDetailHelper,1155,0,84,0,256,0,51,0,9,0
lms,com.skilrock.lms.coreEngine.scratchService.orderMgmt.common,BookRecieveRegistrationAgentHelper,232,0,10,0,57,0,9,0,4,0
lms,com.skilrock.lms.coreEngine.sportsLottery.common,SportLotteryServiceIntegration.new TypeToken() {...},3,0,0,0,1,0,1,0,1,0
lms,com.skilrock.lms.coreEngine.sportsLottery.common,SportLotteryServiceIntegration.new TypeToken() {...},3,0,0,0,1,0,1,0,1,0
lms,com.skilrock.lms.coreEngine.sportsLottery.common,SportLotteryServiceIntegration.new TypeToken() {...},3,0,0,0,1,0,1,0,1,0
lms,com.skilrock.lms.coreEngine.sportsLottery.common,SportLotteryServiceIntegration.new TypeToken() {...},3,0,0,0,1,0,1,0,1,0
lms,com.skilrock.lms.coreEngine.sportsLottery.common,SportLotteryServiceIntegration.new TypeToken() {...},3,0,0,0,1,0,1,0,1,0
lms,com.skilrock.lms.coreEngine.sportsLottery.common,SportLotteryServiceIntegration.new TypeToken() {...},3,0,0,0,1,0,1,0,1,0
lms,com.skilrock.lms.coreEngine.sportsLottery.common,SportLotteryServiceIntegration.new TypeToken() {...},3,0,0,0,1,0,1,0,1,0
lms,com.skilrock.lms.coreEngine.sportsLottery.common,SportLotteryServiceIntegration.new TypeToken() {...},3,0,0,0,1,0,1,0,1,0
lms,com.skilrock.lms.coreEngine.sportsLottery.common,SportLotteryServiceIntegration.new TypeToken() {...},3,0,0,0,1,0,1,0,1,0
lms,com.skilrock.lms.coreEngine.sportsLottery.common,SLEErrors,3,0,0,0,1,0,1,0,1,0
lms,com.skilrock.lms.coreEngine.sportsLottery.common,SLEException,44,0,0,0,20,0,9,0,9,0
lms,com.skilrock.lms.coreEngine.sportsLottery.common,SportLotteryServiceIntegration.new TypeToken() {...},3,0,0,0,1,0,1,0,1,0
lms,com.skilrock.lms.coreEngine.sportsLottery.common,SportsUtility,151,0,4,0,38,0,8,0,6,0
lms,com.skilrock.lms.coreEngine.sportsLottery.common,SportLotteryServiceIntegration,808,0,14,0,216,0,22,0,15,0
lms,com.skilrock.lms.coreEngine.sportsLottery.common,SportsLotteryUtils,363,0,22,0,107,0,23,0,12,0
lms,com.skilrock.lms.coreEngine.sportsLottery.common,SLEUtil,20,0,0,0,11,0,4,0,4,0
lms,com.skilrock.lms.keba.msgMgmt.action,RetailerInboxMessageAction,120,0,4,0,34,0,7,0,5,0
lms,com.cssl.ctp.il.wsdl.mobilevouchertopup_v1,MobileVoucherTopUpBindingV10,198,0,2,0,54,0,10,0,9,0
lms,com.cssl.ctp.il.wsdl.mobilevouchertopup_v1,ObjectFactory,74,0,0,0,12,0,7,0,7,0
lms,com.cssl.ctp.il.wsdl.mobilevouchertopup_v1,Fault,18,0,0,0,7,0,3,0,3,0
lms,com.skilrock.lms.coreEngine.accMgmt.javaBeans,BankDepositBean,190,0,0,0,48,0,32,0,32,0
lms,com.skilrock.lms.coreEngine.accMgmt.javaBeans,AgentAutoBlockBean,94,0,0,0,41,0,27,0,27,0
lms,com.skilrock.lms.coreEngine.instantPrint.service,ServiceDelegate,20,0,0,0,9,0,5,0,5,0
lms,com.skilrock.lms.coreEngine.instantPrint.service,ServiceLocator,76,0,2,0,19,0,5,0,4,0
lms,com.skilrock.lms.coreEngine.virtualSport.beans,VSResponseBean,58,0,0,0,14,0,10,0,10,0
lms,com.skilrock.lms.coreEngine.virtualSport.beans,GameMasterBean,154,0,0,0,39,0,26,0,26,0
lms,com.skilrock.lms.coreEngine.virtualSport.beans,VSRequestBean,256,0,0,0,72,0,40,0,40,0
lms,com.skilrock.lms.coreEngine.virtualSport.beans,TPTxRequestBean,82,0,0,0,20,0,14,0,14,0
lms,com.skilrock.lms.coreEngine.virtualSport.beans,TPSaleRequestBean,202,0,0,0,50,0,34,0,34,0
lms,com.skilrock.lms.coreEngine.virtualSport.beans,VSCommonResponseBean,118,0,0,0,29,0,20,0,20,0
lms,com.skilrock.lms.coreEngine.instantWin.pwtMgmt.controllerImpl,PwtTicketControllerImpl,38,0,2,0,12,0,3,0,2,0
lms,com.skilrock.lms.coreEngine.instantWin.pwtMgmt.controllerImpl,PayPwtTicketControllerImpl,102,0,2,0,30,0,3,0,2,0
lms,com.skilrock.lms.web.scratchService.customerSpecificReport.dao,TicketByTicketSalePwtDao,906,0,46,0,166,0,36,0,13,0
lms,com.skilrock.lms.daoImpl.dataMgmtDaoImpl,ReconcileMgmtDaoImplSLE,898,0,46,0,208,0,31,0,8,0
lms,com.skilrock.lms.daoImpl.dataMgmtDaoImpl,ReconcileMgmtDaoImplSLE.Single,45,0,2,0,6,0,6,0,5,0
lms,com.skilrock.lms.web.scratchService.inventoryMgmt.serviceImpl,DirectSaleBORetailerServiceImpl,837,0,76,0,164,0,45,0,7,0
lms,com.skilrock.lms.web.scratchService.inventoryMgmt.serviceImpl,UpdateInvoicingMethodServiceImpl,205,0,4,0,65,0,10,0,8,0
lms,com.skilrock.lms.web.scratchService.inventoryMgmt.serviceImpl,DirectSaleReturnBORetailerServiceImpl,545,0,34,0,136,0,27,0,10,0
lms,com.skilrock.lms.scratchService.orderMgmt.controllerImpl,GameListResponseData,31,0,0,0,13,0,9,0,9,0
lms,com.skilrock.lms.scratchService.orderMgmt.controllerImpl,GameListResponse,51,0,0,0,12,0,8,0,8,0
lms,com.skilrock.lms.scratchService.orderMgmt.controllerImpl,OrderManagementControllerImpl,156,0,8,0,37,0,7,0,3,0
lms,com.skilrock.lms.scratchService.dataMgmt.controllerImpl,ScratchGameDataControllerImpl,81,0,4,0,23,0,6,0,4,0
lms,com.skilrock.lms.web.sportsLottery.common.serviceImpl,CommonMethodServiceImpl,12,0,0,0,5,0,2,0,2,0
lms,com.skilrock.lms.admin,TrainingExpensesWeeklyManually,25,0,0,0,12,0,2,0,2,0
lms,com.skilrock.lms.admin,AccessAnyUserAction,668,0,56,0,161,0,52,0,24,0
lms,com.skilrock.lms.admin,SetResetUserPasswordAction,800,0,62,0,233,0,63,0,32,0
lms,com.skilrock.lms.admin,PriviledgeMgmtAction,102,0,0,0,33,0,18,0,18,0
lms,com.skilrock.lms.admin,AdminAuthAction,817,0,72,0,204,0,60,0,24,0
lms,com.skilrock.lms.admin,ICSManagementAction,449,0,8,0,115,0,30,0,26,0
lms,com.skilrock.lms.admin,TerminalMgmtAction,147,0,0,0,44,0,18,0,18,0
lms,com.skilrock.lms.admin,GenSecurityCodeAction,225,0,2,0,52,0,12,0,11,0
lms,com.skilrock.lms.coreEngine.commercialService.productMgmt,CSProductRegistrationHelper,435,0,12,0,88,0,13,0,7,0
lms,com.skilrock.lms.admin.common,GenSecurityCodeHelper,81,0,2,0,25,0,4,0,3,0
lms,com.skilrock.lms.admin.common,PriviledgeMgmtHelper,249,0,6,0,52,0,7,0,4,0
lms,com.skilrock.lms.admin.common,AdminAuthHelper,702,0,56,0,162,0,32,0,4,0
lms,com.skilrock.lms.admin.common,TerminalMgmtHelper,421,0,22,0,88,0,17,0,6,0
lms,com.skilrock.lms.admin.common,ICSManagementHelper,1021,0,30,0,240,0,23,0,8,0
lms,com.skilrock.lms.admin.common,SetResetUserPasswordHelper,378,0,12,0,91,0,10,0,4,0
lms,com.skilrock.lms.admin.common,AccessAnyUserHelper,728,0,46,0,136,0,29,0,6,0
lms,com.skilrock.lms.scheduler,OlaCommUpdateWeekly,766,0,46,0,160,0,28,0,5,0
lms,com.skilrock.lms.scheduler,ManageGoodCauseScheduleJob,114,0,8,0,27,0,7,0,3,0
lms,com.skilrock.lms.scheduler,VSSaleReconciliationScheduler,78,0,4,0,17,0,4,0,2,0
lms,com.skilrock.lms.scheduler,AuditScriptSchedulerJob,131,0,10,0,30,0,7,0,2,0
lms,com.skilrock.lms.scheduler,QuartzDailyJob,740,0,86,0,206,0,47,0,4,0
lms,com.skilrock.lms.scheduler,DailySecurityNLevySettlementJob,119,0,6,0,31,0,5,0,2,0
lms,com.skilrock.lms.scheduler,ICSForLMS,337,0,10,0,56,0,11,0,6,0
lms,com.skilrock.lms.scheduler,DailyLogoutAllRetJob,111,0,6,0,28,0,5,0,2,0
lms,com.skilrock.lms.scheduler,AgentAutoBlockScheduleJob,113,0,8,0,25,0,7,0,3,0
lms,com.skilrock.lms.scheduler,SendingEmailReports,581,0,28,0,117,0,34,0,19,0
lms,com.skilrock.lms.scheduler,TallyXmlSalePwtTrainingMonthlySchedulerJob,80,0,6,0,20,0,5,0,2,0
lms,com.skilrock.lms.scheduler,OlaRummyWithRequest,100,0,8,0,27,0,7,0,3,0
lms,com.skilrock.lms.scheduler,OlaCommUpdateMonthly,109,0,10,0,31,0,8,0,3,0
lms,com.skilrock.lms.scheduler,AutoQuartzMain,500,0,54,0,98,0,32,0,5,0
lms,com.skilrock.lms.scheduler,GenerateMappingIds,136,0,6,0,30,0,5,0,2,0
lms,com.skilrock.lms.scheduler,OrgBalUpdateJob,96,0,8,0,29,0,7,0,3,0
lms,com.skilrock.lms.scheduler,SchedulerCommonFuntionsHelper,688,0,10,0,150,0,16,0,11,0
lms,com.skilrock.lms.scheduler,ScratchQuartzDailyJob,94,0,8,0,25,0,7,0,3,0
lms,com.skilrock.lms.scheduler,TallyXmlCashBankDailySchedulerJob,80,0,6,0,20,0,5,0,2,0
lms,com.skilrock.lms.scheduler,MailBean,47,0,0,0,8,0,1,0,1,0
lms,com.skilrock.lms.scheduler,QuartzClmBalUpdateJob,119,0,8,0,30,0,7,0,3,0
lms,com.skilrock.lms.scheduler,AutoQuartzJob,393,0,14,0,77,0,11,0,4,0
lms,com.skilrock.lms.scheduler,LicensingServerScheduleJob,113,0,8,0,25,0,7,0,3,0
lms,com.skilrock.lms.scheduler,QuartzWeeklyJob,323,0,36,0,86,0,21,0,3,0
lms,com.skilrock.lms.scheduler,QuartzJobIcsCronExpr,336,0,16,0,55,0,11,0,3,0
lms,com.skilrock.lms.scheduler,QuartzReconEntryJob,93,0,8,0,25,0,7,0,3,0
lms,com.skilrock.lms.scheduler,OlaDailyCommissionUpdate,17,0,0,0,9,0,2,0,2,0
lms,com.skilrock.lms.scheduler,OlaCommDistribution,450,0,28,0,110,0,18,0,4,0
lms,com.skilrock.lms.scheduler,QuartzJobUpdateLedgerBalance,150,0,8,0,40,0,8,0,4,0
lms,com.skilrock.lms.scheduler,AutoQuartzMainForMail,280,0,0,0,47,0,3,0,3,0
lms,com.skilrock.lms.scheduler,QuartzMonthlyJob,190,0,14,0,48,0,10,0,3,0
lms,com.skilrock.lms.keba.common,SessionInterceptor,204,0,18,0,54,0,16,0,7,0
lms,com.skilrock.lms.coreEngine.drawGames.drawMgmt.javaBeans,TrackFullTicketBean,59,0,0,0,26,0,17,0,17,0
lms,com.skilrock.lms.coreEngine.drawGames.drawMgmt.javaBeans,WinningDataReportBean,66,0,0,0,29,0,19,0,19,0
lms,com.skilrock.lms.ajax,AjaxRequestHelper,4329,53,410,0,922,19,244,3,39,3
lms,com.skilrock.lms.ajax,AjaxRequest,2005,0,52,0,449,0,108,0,82,0
lms,com.skilrock.lms.web.scratchService.inventoryMgmt.javaBeans,AgentInvoicingMethodBean,45,0,0,0,20,0,13,0,13,0
lms,com.skilrock.lms.coreEngine.drawGames.pwtMgmt,RetPwtPayProcessHelper,1140,0,60,0,223,0,37,0,7,0
lms,com.skilrock.lms.coreEngine.drawGames.pwtMgmt,BOPwtProcessHelper.new TypeToken() {...},6,0,0,0,1,0,1,0,1,0
lms,com.skilrock.lms.coreEngine.drawGames.pwtMgmt,BOPwtProcessHelper.new TypeToken() {...},6,0,0,0,1,0,1,0,1,0
lms,com.skilrock.lms.coreEngine.drawGames.pwtMgmt,BOPwtProcessHelper.new TypeToken() {...},6,0,0,0,1,0,1,0,1,0
lms,com.skilrock.lms.coreEngine.drawGames.pwtMgmt,PlayerVerifyHelperForApp,630,0,18,0,110,0,14,0,5,0
lms,com.skilrock.lms.coreEngine.drawGames.pwtMgmt,RetPWTProcessHelper,769,0,28,0,143,0,18,0,4,0
lms,com.skilrock.lms.coreEngine.drawGames.pwtMgmt,PwtStatus,329,0,0,0,13,0,6,0,6,0
lms,com.skilrock.lms.coreEngine.drawGames.pwtMgmt,AgtPWTProcessHelper.new TypeToken() {...},6,0,0,0,1,0,1,0,1,0
lms,com.skilrock.lms.coreEngine.drawGames.pwtMgmt,AgtPWTProcessHelper.new TypeToken() {...},6,0,0,0,1,0,1,0,1,0
lms,com.skilrock.lms.coreEngine.drawGames.pwtMgmt,RetailerPwtProcessHelper,2714,0,404,0,585,0,212,0,10,0
lms,com.skilrock.lms.coreEngine.drawGames.pwtMgmt,BOPwtProcessHelper,6399,0,530,0,1392,0,300,0,22,0
lms,com.skilrock.lms.coreEngine.drawGames.pwtMgmt,AgtPWTProcessHelper,3465,0,318,0,798,0,170,0,11,0
lms,com.skilrock.lms.web.virtualSports.reportsMgmt.daoImpl,VSAgentReportDaoImpl,4593,0,64,0,782,0,65,0,33,0
lms,com.skilrock.lms.web.virtualSports.reportsMgmt.daoImpl,VSRetailerReportDaoImpl,1735,0,48,0,301,0,37,0,13,0
lms,com.skilrock.lms.web.virtualSports.reportsMgmt.beans,VSOrgReportResponseBean,70,0,0,0,17,0,12,0,12,0
lms,com.skilrock.lms.web.virtualSports.reportsMgmt.beans,VSOrgReportRequestBean,70,0,0,0,17,0,12,0,12,0
lms,com.skilrock.lms.embedded.drawGames.Bingo.Controller,BingoSeventyFiveAction,1008,0,28,0,216,0,75,0,61,0
lms,com.skilrock.lms.coreEngine.service.sle,ServiceNameMethod,3,0,0,0,2,0,1,0,1,0
lms,com.skilrock.lms.coreEngine.service.sle,ServiceNameMethod.ServiceName,3,0,0,0,1,0,1,0,1,0
lms,com.skilrock.lms.coreEngine.service.sle,ServiceNameMethod.ServiceMethod,3,0,0,0,1,0,1,0,1,0
lms,com.skilrock.lms.web.sportsLottery.reportsMgmt.daoImpl,SLEAgentReportDaoImpl,4626,0,64,0,792,0,66,0,34,0
lms,com.skilrock.lms.web.sportsLottery.reportsMgmt.daoImpl,SLERetailerReportDaoImpl,1255,0,30,0,223,0,25,0,10,0
lms,com.skilrock.lms.coreEngine.reportsMgmt.drawables,GraphicalRepOfActInactInvStatusReportHelper,425,0,24,0,87,0,16,0,4,0
lms,com.skilrock.lms.coreEngine.reportsMgmt.drawables,PrepareGraphsAndChartsDashBoardForBoHelper,1740,0,44,0,321,0,33,0,11,0
lms,com.skilrock.lms.coreEngine.reportsMgmt.drawables,PrepareGraphsAndChartsDashBoardForBoHelper.new TypeToken() {...},6,0,0,0,1,0,1,0,1,0
lms,com.skilrock.lms.coreEngine.scratchService.invoiceMgmt.daoImpl,ScratchInvoiceDaoImpl,3237,0,162,0,708,0,95,0,14,0
lms,com.skilrock.lms.web.drawGames.reportsMgmt.common,WriteExcelForDGFullReport.new Comparator() {...},12,0,0,0,2,0,2,0,2,0
lms,com.skilrock.lms.web.drawGames.reportsMgmt.common,DrawSaleReportAction,1828,0,104,0,402,0,95,0,43,0
lms,com.skilrock.lms.web.drawGames.reportsMgmt.common,DrawMgmtReport,423,0,8,0,111,0,46,0,42,0
lms,com.skilrock.lms.web.drawGames.reportsMgmt.common,DGPwtUnclaimedReportAction,162,0,6,0,45,0,20,0,17,0
lms,com.skilrock.lms.web.drawGames.reportsMgmt.common,DGSaleReportAgtAction,270,0,6,0,61,0,20,0,17,0
lms,com.skilrock.lms.web.drawGames.reportsMgmt.common,WinningDataReportAction,288,0,14,0,75,0,19,0,12,0
lms,com.skilrock.lms.web.drawGames.reportsMgmt.common,MTNTransactionReportAction,140,0,2,0,42,0,21,0,20,0
lms,com.skilrock.lms.web.drawGames.reportsMgmt.common,DrawPwtReportAction,1978,0,126,0,432,0,106,0,43,0
lms,com.skilrock.lms.web.drawGames.reportsMgmt.common,DGSaleReportRetAction,222,0,4,0,51,0,16,0,14,0
lms,com.skilrock.lms.web.drawGames.reportsMgmt.common,DGPwtReportAgtAction,255,0,6,0,62,0,20,0,17,0
lms,com.skilrock.lms.web.drawGames.reportsMgmt.common,DGSaleReportAction,671,0,18,0,160,0,44,0,35,0
lms,com.skilrock.lms.web.drawGames.reportsMgmt.common,WriteExcelForDrawSaleReport,1783,0,56,0,238,0,40,0,12,0
lms,com.skilrock.lms.web.drawGames.reportsMgmt.common,SaleReportLsAction,391,0,14,0,92,0,18,0,11,0
lms,com.skilrock.lms.web.drawGames.reportsMgmt.common,DGFullReportAction,280,0,8,0,82,0,33,0,29,0
lms,com.skilrock.lms.web.drawGames.reportsMgmt.common,DrawAnalysisReportRetailerWiseAction,444,0,20,0,121,0,43,0,33,0
lms,com.skilrock.lms.web.drawGames.reportsMgmt.common,WriteExcelForDGPwtReport,2131,0,64,0,229,0,41,0,9,0
lms,com.skilrock.lms.web.drawGames.reportsMgmt.common,CombinitionAnalysisDataDrawWise,613,0,20,0,136,0,41,0,31,0
lms,com.skilrock.lms.web.drawGames.reportsMgmt.common,WriteExcelForDGSaleReport,1488,0,46,0,179,0,32,0,9,0
lms,com.skilrock.lms.web.drawGames.reportsMgmt.common,WriteExcelForPanelWiseSaleReport,3597,0,90,0,378,0,54,0,9,0
lms,com.skilrock.lms.web.drawGames.reportsMgmt.common,DrawWiseMTNReportAction,290,0,20,0,78,0,33,0,23,0
lms,com.skilrock.lms.web.drawGames.reportsMgmt.common,MtnLedgerReportAction,176,0,8,0,52,0,19,0,15,0
lms,com.skilrock.lms.web.drawGames.reportsMgmt.common,ReconciliationReportAction,255,0,8,0,69,0,33,0,29,0
lms,com.skilrock.lms.web.drawGames.reportsMgmt.common,UssdSubscriberWiseResultAction,269,0,12,0,76,0,38,0,32,0
lms,com.skilrock.lms.web.drawGames.reportsMgmt.common,DGPwtReportRetAction,180,0,4,0,45,0,14,0,12,0
lms,com.skilrock.lms.web.drawGames.reportsMgmt.common,BlockTicketsReportAction,155,0,8,0,43,0,22,0,18,0
lms,com.skilrock.lms.web.drawGames.reportsMgmt.common,reportsMgmtUtility,3922,0,142,0,714,0,84,0,13,0
lms,com.skilrock.lms.web.drawGames.reportsMgmt.common,CommonAjaxRequests,120,0,4,0,33,0,18,0,16,0
lms,com.skilrock.lms.web.drawGames.reportsMgmt.common,DrawResultReportAction,462,0,16,0,113,0,32,0,24,0
lms,com.skilrock.lms.web.drawGames.reportsMgmt.common,WriteExcelForDGFullReport,1929,0,138,0,228,0,77,0,8,0
lms,com.skilrock.lms.web.drawGames.reportsMgmt.common,MTNWinningTransferAction,166,0,0,0,47,0,23,0,23,0
lms,com.skilrock.lms.web.drawGames.reportsMgmt.common,DGPwtReportAction,627,0,16,0,154,0,53,0,45,0
lms,com.skilrock.lms.web.drawGames.reportsMgmt.common,DGNumberAnalysisReportAction,195,0,4,0,56,0,20,0,18,0
lms,com.skilrock.lms.web.drawGames.reportsMgmt.common,MerchantWiseSaleWinningReportAction,100,0,0,0,27,0,9,0,9,0
lms,com.skilrock.lms.web.drawGames.reportsMgmt.common,WriteExcelForDrawPwtReport,2694,0,42,0,306,0,34,0,13,0
lms,com.skilrock.lms.web.drawGames.reportsMgmt.common,RetWiseSummeryTxnReportAction,178,0,2,0,47,0,17,0,16,0
lms,com.skilrock.lms.controller.invMgmtController,BODirectInvAssignNReturnControllerImpl,244,0,16,0,50,0,12,0,4,0
lms,com.skilrock.lms.embedded.drawGames.Bingo.Service,BingoService,648,0,42,0,148,0,38,0,17,0
lms,com.skilrock.lms.web.drawGames.pwtMgmt.javaBeans,BoardTicketDataBean,73,0,0,0,31,0,21,0,21,0
lms,com.skilrock.lms.web.drawGames.pwtMgmt.javaBeans,PwtVerifyTicketBean,143,0,0,0,61,0,41,0,41,0
lms,com.skilrock.lms.web.drawGames.pwtMgmt.javaBeans,PwtVerifyTicketDrawDataBean,73,0,0,0,31,0,21,0,21,0
lms,com.cssl.ctp.il.xsd.refund_v1,RefundRequestBodyType,24,0,0,0,10,0,7,0,7,0
lms,com.cssl.ctp.il.xsd.refund_v1,RefundResponseBodyType,10,0,0,0,4,0,3,0,3,0
lms,com.cssl.ctp.il.xsd.refund_v1,ObjectFactory,40,0,0,0,8,0,6,0,6,0
lms,com.skilrock.ola.javaBeans,StateDataBean,46,0,0,0,11,0,8,0,8,0
lms,com.skilrock.ola.javaBeans,OlaWalletBean,82,0,0,0,20,0,14,0,14,0
lms,com.skilrock.ola.javaBeans,CityDataBean,34,0,0,0,8,0,6,0,6,0
lms,com.skilrock.ola.javaBeans,CountryDataBean,46,0,0,0,11,0,8,0,8,0
lms,com.skilrock.lms.rest.scratchService.pwtMgmt.serviceImpl,ScratchWinningServiceImpl,54,524,17,27,12,99,14,18,1,9
lms,com.skilrock.lms.coreEngine.instantPrint.beans,GameInfoBean,83,0,0,0,35,0,24,0,24,0
lms,com.skilrock.lms.web.instantWin.pwtMgmt.daoImpl,InstantWinPwtService,217,0,18,0,61,0,13,0,4,0
lms,com.skilrock.lms.web.instantWin.pwtMgmt.service,InstantWinPwtDaoImpl,3,0,0,0,1,0,1,0,1,0
lms,com.skilrock.lms.rest.scratchService.inventoryMgmt.controller,BookActivation,58,672,11,33,15,147,13,40,2,29
lms,com.skilrock.lms.rest.scratchService.pwtMgmt.daoImpl,ScratchWinningDaoImpl,802,4,26,0,160,1,26,1,13,1
lms,com.skilrock.lms.coreEngine.scratchService.orderMgmt.daoImpl,ScratchGameDataDaoImpl,103,0,2,0,26,0,4,0,3,0
lms,com.skilrock.lms.dao.common,DaoFactory,22,0,0,0,11,0,4,0,4,0
lms,com.skilrock.ola.web.accMgmt.action,BoAccountMgmtAction,366,0,10,0,91,0,20,0,15,0
lms,com.skilrock.ola.web.accMgmt.action,AgentAccountMgmtAction,385,0,12,0,93,0,21,0,15,0
lms,com.skilrock.ola.web.accMgmt.action,RetailerAccountMgmtAction,604,0,12,0,133,0,29,0,23,0
lms,com.skilrock.lms.web.common.drawables,DrawablesPermittedType,65,0,0,0,10,0,6,0,6,0
lms,com.skilrock.lms.web.common.drawables,CommonMethods,824,0,74,0,134,0,51,0,14,0
lms,com.skilrock.lms.web.common.drawables,PrepareDrawables,178,0,14,0,48,0,13,0,5,0
lms,com.skilrock.lms.rest.services.userMgmtService,UserMgmtService,305,595,21,23,73,138,20,21,4,15
lms,com.skilrock.lms.embedded.drawGames.common,StringReprint,20,0,2,0,6,0,3,0,2,0
lms,com.skilrock.lms.embedded.drawGames.common,DrawGameRPOS,6033,326,542,6,1093,74,332,15,61,12
lms,com.skilrock.lms.embedded.drawGames.common,TrackTpTicketAction,731,0,40,0,106,0,35,0,15,0
lms,com.skilrock.lms.embedded.drawGames.common,FortuneReprint,123,0,6,0,23,0,5,0,2,0
lms,com.skilrock.lms.embedded.drawGames.common,ReprintHepler,2124,0,76,0,183,0,47,0,9,0
lms,com.skilrock.lms.embedded.drawGames.common,ReprintFactory,113,0,30,0,21,0,23,0,2,0
lms,com.skilrock.lms.embedded.drawGames.common,FortuneThreeReprint,115,0,6,0,23,0,5,0,2,0
lms,com.skilrock.lms.embedded.drawGames.common,MobileDrawMgmtAction,175,0,4,0,38,0,11,0,9,0
lms,com.skilrock.lms.embedded.drawGames.common,Reprint,6,0,0,0,3,0,2,0,2,0
lms,com.skilrock.lms.embedded.drawGames.common,Util,60,0,4,0,9,0,5,0,3,0
lms,com.skilrock.lms.embedded.drawGames.common,BaseReprintController,167,0,12,0,25,0,8,0,2,0
lms,com.skilrock.lms.embedded.drawGames.common,ReprintContext,11,0,0,0,4,0,2,0,2,0
lms,com.skilrock.lms.embedded.drawGames.common,CommonMethods,120,0,12,0,18,0,8,0,2,0
lms,com.skilrock.lms.embedded.drawGames.common,SaleValidationInterceptor,57,0,4,0,17,0,5,0,3,0
lms,com.skilrock.lms.embedded.drawGames.common,RaffleAction,460,0,44,0,64,0,33,0,11,0
lms,com.skilrock.lms.embedded.drawGames.common,RaffleReprint,143,0,4,0,25,0,4,0,2,0
lms,com.skilrock.lms.embedded.drawGames.common,EmbeddedErrors,74,0,0,0,19,0,2,0,2,0
lms,com.skilrock.lms.embedded.drawGames.common,LottoReprint,133,0,10,0,30,0,7,0,2,0
lms,com.skilrock.lms.embedded.drawGames.common,FortuneTwoReprint,115,0,6,0,23,0,5,0,2,0
lms,com.skilrock.lms.embedded.drawGames.common,KenoReprint,397,0,38,0,71,0,21,0,2,0
lms,com.skilrock.lms.rest.services.dataMgmtService,DataMgmtService,64,0,2,0,15,0,3,0,2,0
lms,com.skilrock.lms.web.scratchService.inventoryMgmt.common,AgentOrderProcessAction,1294,0,80,0,301,0,85,0,45,0
lms,com.skilrock.lms.web.scratchService.inventoryMgmt.common,GenerateOrderAction,200,0,14,0,41,0,19,0,12,0
lms,com.skilrock.lms.web.scratchService.inventoryMgmt.common,DirectSaleReturnBORetailerAction,1095,0,48,0,236,0,79,0,55,0
lms,com.skilrock.lms.web.scratchService.inventoryMgmt.common,GameInventoryStatusForBO,243,0,6,0,62,0,28,0,25,0
lms,com.skilrock.lms.web.scratchService.inventoryMgmt.common,InventoryGameReportAgent,426,0,40,0,109,0,42,0,22,0
lms,com.skilrock.lms.web.scratchService.inventoryMgmt.common,DirectSaleAgentAction,1873,0,136,0,379,0,114,0,46,0
lms,com.skilrock.lms.web.scratchService.inventoryMgmt.common,InventoryGameReport,447,0,40,0,111,0,41,0,21,0
lms,com.skilrock.lms.web.scratchService.inventoryMgmt.common,GenerateBookPackNoFormate,589,0,42,0,164,0,49,0,28,0
lms,com.skilrock.lms.web.scratchService.inventoryMgmt.common,InventoryGameReportRetailer,387,0,38,0,101,0,40,0,21,0
lms,com.skilrock.lms.web.scratchService.inventoryMgmt.common,LooseSalesReturnAgentAction,140,0,0,0,45,0,23,0,23,0
lms,com.skilrock.lms.web.scratchService.inventoryMgmt.common,SalesReturnAction,982,0,46,0,206,0,72,0,49,0
lms,com.skilrock.lms.web.scratchService.inventoryMgmt.common,GenerateTicketsNumber,750,0,42,0,200,0,56,0,35,0
lms,com.skilrock.lms.web.scratchService.inventoryMgmt.common,BOInvOrderProcessAction,1165,0,80,0,284,0,86,0,46,0
lms,com.skilrock.lms.web.scratchService.inventoryMgmt.common,BookWiseInvDetailForRet,633,0,22,0,152,0,38,0,27,0
lms,com.skilrock.lms.web.scratchService.inventoryMgmt.common,DirectSaleBORetailerAction,770,0,38,0,177,0,59,0,40,0
lms,com.skilrock.lms.web.scratchService.inventoryMgmt.common,UpdateHeader,102,0,2,0,30,0,8,0,7,0
lms,com.skilrock.lms.web.scratchService.inventoryMgmt.common,UpdateBookNVirnStatusAction,279,0,6,0,74,0,29,0,26,0
lms,com.skilrock.lms.web.scratchService.inventoryMgmt.common,LooseSaleBOAction,169,0,0,0,58,0,28,0,28,0
lms,com.skilrock.lms.web.scratchService.inventoryMgmt.common,WarehouseRegAction,191,0,4,0,32,0,6,0,4,0
lms,com.skilrock.lms.web.scratchService.inventoryMgmt.common,InitiateUploadInventory,235,0,4,0,69,0,27,0,25,0
lms,com.skilrock.lms.web.scratchService.inventoryMgmt.common,LooseSaleAgentAction,179,0,0,0,60,0,28,0,28,0
lms,com.skilrock.lms.web.scratchService.inventoryMgmt.common,LooseSalesReturnBOAction,130,0,0,0,43,0,23,0,23,0
lms,com.skilrock.lms.web.scratchService.inventoryMgmt.common,BookFlow,550,0,30,0,129,0,40,0,25,0
lms,com.skilrock.lms.web.scratchService.inventoryMgmt.common,SoldTicketEntryForRet,470,0,10,0,120,0,24,0,19,0
lms,com.skilrock.lms.web.scratchService.inventoryMgmt.common,BODispatchGameAction,2721,0,240,0,674,0,212,0,92,0
lms,com.skilrock.lms.web.scratchService.inventoryMgmt.common,InventoryGameReportLink,93,0,0,0,23,0,13,0,13,0
lms,com.skilrock.lms.web.scratchService.inventoryMgmt.common,SalesReturnAgentAction,1002,0,42,0,207,0,72,0,51,0
lms,com.skilrock.lms.web.scratchService.inventoryMgmt.common,UpdateInvoicingMethodAction,183,0,2,0,60,0,20,0,19,0
lms,com.skilrock.lms.web.scratchService.inventoryMgmt.common,AgentDispatchGameAction,3054,0,270,0,734,0,224,0,89,0
lms,com.skilrock.lms.web.scratchService.inventoryMgmt.common,WarehouseShiftInventoryAction,362,0,4,0,73,0,33,0,31,0
lms,com.skilrock.lms.web.scratchService.inventoryMgmt.common,DirectSaleBOAction,1874,0,134,0,380,0,114,0,47,0
lms,com.skilrock.lms.web.scratchService.inventoryMgmt.common,BookWiseInvDetailForAgt,220,0,6,0,54,0,16,0,13,0
lms,com.skilrock.lms.rolemgmt.beans,userPrivBean,31,0,0,0,13,0,9,0,9,0
lms,com.skilrock.lms.rolemgmt.beans,userListBean,10,0,0,0,4,0,3,0,3,0
lms,com.skilrock.lms.rolemgmt.beans,ICSBean,66,0,0,0,28,0,19,0,19,0
lms,com.skilrock.lms.rolemgmt.beans,priviledgeBean,17,0,0,0,7,0,5,0,5,0
lms,com.skilrock.lms.rolemgmt.beans,userBean,107,0,0,0,43,0,21,0,21,0
lms,com.skilrock.lms.rolemgmt.beans,PriviledgeBeanRole,45,0,0,0,19,0,13,0,13,0
lms,com.skilrock.lms.keba.drawGames.playMgmt.action,ReprintTicketAction,2391,0,150,0,302,0,80,0,5,0
lms,com.skilrock.lms.keba.drawGames.playMgmt.action,ZimLottoBonusAction,1237,0,62,0,187,0,38,0,7,0
lms,com.skilrock.lms.keba.drawGames.playMgmt.action,CancelTicketAction,614,0,44,0,106,0,28,0,6,0
lms,com.skilrock.lms.keba.drawGames.playMgmt.action,FortuneAction,1265,0,50,0,237,0,59,0,34,0
lms,com.skilrock.lms.coreEngine.reportsMgmt.customized,CustomSaleReportHelper,322,0,8,0,78,0,7,0,3,0
lms,com.skilrock.ola.accMgmt.common,AccountMgmtCommonFunction,93,0,2,0,24,0,5,0,4,0
lms,com.skilrock.lms.embedded.reportsMgmt.common,LimitsAction,183,0,8,0,39,0,12,0,8,0
lms,com.skilrock.lms.embedded.reportsMgmt.common,ConsolidatedBean,93,0,0,0,37,0,19,0,19,0
lms,com.skilrock.lms.embedded.reportsMgmt.common,SaleReportRetAction,351,0,14,0,65,0,22,0,15,0
lms,com.skilrock.lms.embedded.reportsMgmt.common,IncentiveReportAction,351,0,20,0,67,0,34,0,24,0
lms,com.skilrock.lms.embedded.reportsMgmt.common,CSTerminalReportAction,146,0,2,0,40,0,16,0,15,0
lms,com.skilrock.lms.embedded.reportsMgmt.common,LedgerAction,3004,0,138,0,440,0,97,0,28,0
lms,com.skilrock.lms.embedded.reportsMgmt.common,PWTReportForRetAction,365,0,14,0,67,0,21,0,14,0
lms,com.skilrock.ola.reportsMgmt.daoImpl,SearchPlayerDaoImpl,7,0,0,0,2,0,2,0,2,0
lms,com.skilrock.ola.reportsMgmt.daoImpl,RetailerReportDaoImpl,16,0,0,0,6,0,3,0,3,0
lms,com.skilrock.ola.reportsMgmt.daoImpl,OlaBoReportDaoImpl,292,0,8,0,53,0,7,0,3,0
lms,com.skilrock.ola.reportsMgmt.daoImpl,OlaRetailerReportDaoImpl,1016,0,30,0,167,0,24,0,9,0
lms,com.skilrock.ola.reportsMgmt.daoImpl,OlaAgentReportDaoImpl,2012,0,70,0,336,0,50,0,15,0
lms,com.skilrock.lms.coreEngine.virtualSport.scheduler,VirtualSportReconciliationScheduler,183,0,4,0,35,0,4,0,2,0
lms,com.skilrock.lms.common.utility,GetDate,770,66,26,0,143,13,24,3,9,3
lms,com.skilrock.lms.common.utility,LMSUtility,3,3,0,0,1,1,1,1,1,1
lms,com.skilrock.lms.common.utility,LatLongFromCellId,57,0,0,0,21,0,4,0,4,0
lms,com.skilrock.lms.common.utility,XmlReader,178,0,4,0,36,0,5,0,3,0
lms,com.skilrock.lms.common.utility,CommonMethods.new TypeToken() {...},3,0,0,0,1,0,1,0,1,0
lms,com.skilrock.lms.common.utility,orgOnLineSaleCreditUpdation,3022,0,150,0,718,0,90,0,15,0
lms,com.skilrock.lms.common.utility,CommonMethods,6093,30,475,1,1376,5,296,3,58,3
lms,com.skilrock.lms.common.utility,PropertyLoader,59,46,8,4,9,18,7,4,1,4
lms,com.skilrock.lms.common.utility,SendReportMailerMain,6525,0,234,0,935,0,139,0,22,0
lms,com.skilrock.lms.common.utility,MailSenderAfterPerformDraw,53,0,0,0,17,0,3,0,3,0
lms,com.skilrock.lms.common.utility,UpdateLatLongTask,217,0,4,0,62,0,7,0,5,0
lms,com.skilrock.lms.common.utility,MailSend.SMTPAuthenticator,39,0,4,0,9,0,4,0,2,0
lms,com.skilrock.lms.common.utility,CommonQueriesUtility,35,0,0,0,8,0,3,0,3,0
lms,com.skilrock.lms.common.utility,InitializeAfterServerStartUp,54,0,4,0,18,0,5,0,3,0
lms,com.skilrock.lms.common.utility,OrgCreditUpdation,2858,0,418,0,479,0,215,0,6,0
lms,com.skilrock.lms.common.utility,AuditLogInterceptor,234,0,18,0,47,0,17,0,8,0
lms,com.skilrock.lms.common.utility,AgentReportMailExl,2620,0,106,0,522,0,72,0,19,0
lms,com.skilrock.lms.common.utility,GenerateRecieptNo,1361,0,98,0,253,0,59,0,10,0
lms,com.skilrock.lms.common.utility,DateFormatConverter,541,0,22,0,86,0,20,0,9,0
lms,com.skilrock.lms.common.utility,GameUtilityHelper,501,0,48,0,129,0,34,0,10,0
lms,com.skilrock.lms.common.utility,checkCRC,139,0,10,0,18,0,8,0,3,0
lms,com.skilrock.lms.common.utility,PPRSheetHelper,406,0,4,0,94,0,12,0,10,0
lms,com.skilrock.lms.common.utility,ResponsibleGaming,4043,0,176,0,698,0,124,0,24,0
lms,com.skilrock.lms.common.utility,MD5Encoder,26,0,0,0,8,0,3,0,3,0
lms,com.skilrock.lms.common.utility,FormatNumber,266,0,26,0,65,0,22,0,9,0
lms,com.skilrock.lms.common.utility,Service,36,0,0,0,12,0,7,0,7,0
lms,com.skilrock.lms.common.utility,ReportMailExl,2068,0,78,0,375,0,58,0,19,0
lms,com.skilrock.lms.common.utility,LMSRejectedExecutionHandler,11,0,0,0,6,0,2,0,2,0
lms,com.skilrock.lms.common.utility,InitializeAfterDGServerStartUp,33,0,6,0,17,0,5,0,2,0
lms,com.skilrock.lms.common.utility,MailSender,1082,0,62,0,194,0,41,0,10,0
lms,com.skilrock.lms.common.utility,TaxCalculation,39,0,2,0,13,0,4,0,3,0
lms,com.skilrock.lms.common.utility,MailSender.new FileDataSource() {...},9,0,0,0,2,0,2,0,2,0
lms,com.skilrock.lms.common.utility,MailSender.new FileDataSource() {...},9,0,0,0,2,0,2,0,2,0
lms,com.skilrock.lms.common.utility,CachedFilesDetails,721,0,62,0,138,0,37,0,6,0
lms,com.skilrock.lms.common.utility,DayWiseTimeList,357,0,38,0,44,0,22,0,3,0
lms,com.skilrock.lms.common.utility,BarcodeImageDelete,86,0,4,0,23,0,7,0,5,0
lms,com.skilrock.lms.common.utility,CalculateAvailable,13,0,0,0,3,0,3,0,3,0
lms,com.skilrock.lms.common.utility,TextConfigurator,17,0,0,0,8,0,3,0,3,0
lms,com.skilrock.lms.common.utility,GetUserOrganziationDetails,96,0,4,0,20,0,5,0,3,0
lms,com.skilrock.lms.common.utility,EncpDecpUtil,306,0,0,0,106,0,10,0,10,0
lms,com.skilrock.lms.common.utility,GarbageCollector,84,0,2,0,19,0,4,0,3,0
lms,com.skilrock.lms.common.utility,MailSend,203,0,0,0,52,0,5,0,5,0
lms,com.skilrock.lms.common.utility,AutoGenerate,101,0,6,0,17,0,6,0,3,0
lms,com.skilrock.lms.common.utility,AutoGenerateReportMail,13,0,0,0,5,0,2,0,2,0
lms,com.skilrock.lms.common.utility,MailSender.SMTPAuthenticator,33,0,2,0,7,0,3,0,2,0
lms,com.skilrock.lms.common.utility,GetAgentRegDate,87,0,6,0,23,0,6,0,3,0
lms,com.skilrock.lms.daoImpl,WinningTransactionManagerIW.TransactionBean,38,0,0,0,15,0,8,0,8,0
lms,com.skilrock.lms.daoImpl,WinningTransactionManagerIW.DirectPlrPwtBean,103,0,0,0,41,0,21,0,21,0
lms,com.skilrock.lms.daoImpl,AccMgmtDaoImpl,854,0,74,0,247,0,47,0,10,0
lms,com.skilrock.lms.daoImpl,WinningTransactionManagerIW,1186,0,16,0,290,0,21,0,13,0
lms,com.skilrock.lms.daoImpl,WinningTransactionManagerIW.PwtInvBean,38,0,0,0,15,0,8,0,8,0
lms,com.skilrock.lms.daoImpl,WinningTransactionManagerSLE.TransactionBean,38,0,0,0,15,0,8,0,8,0
lms,com.skilrock.lms.daoImpl,WinningTransactionManagerSLE,1080,0,14,0,260,0,18,0,11,0
lms,com.skilrock.lms.daoImpl,WinningTransactionManagerSLE.DirectPlrPwtBean,113,0,0,0,45,0,23,0,23,0
lms,com.skilrock.lms.daoImpl,WinningTransactionManagerSLE.PwtInvBean,48,0,0,0,19,0,10,0,10,0
lms,com.skilrock.lms.daoImpl,WinningMgmtDaoImplSLE,2971,0,106,0,557,0,67,0,14,0
lms,com.skilrock.lms.daoImpl,UserMgmtDaoImpl,173,0,6,0,51,0,8,0,5,0
lms,com.skilrock.lms.daoImpl,WinningMgmtDaoImplIW,2593,0,88,0,506,0,59,0,15,0
lms,com.skilrock.lms.web.instantWin.pwtMgmt.action,InstantWinPwtAction,511,0,14,0,168,0,81,0,74,0
lms,com.cssl.ctp.il.xsd.mobilevouchertopup_v1,MobileVoucherTopUpResponseBodyType,3,0,0,0,1,0,1,0,1,0
lms,com.cssl.ctp.il.xsd.mobilevouchertopup_v1,ObjectFactory,40,0,0,0,8,0,6,0,6,0
lms,com.cssl.ctp.il.xsd.mobilevouchertopup_v1,MobileVoucherTopUpRequestBodyType,3,0,0,0,1,0,1,0,1,0
lms,com.skilrock.lms.web.sportsLottery.gameMgmt.common,SLEventInsertionAction,214,0,0,0,66,0,32,0,32,0
lms,com.skilrock.lms.web.sportsLottery.gameMgmt.common,SLDrawEventMappingAction,145,0,2,0,52,0,22,0,21,0
lms,com.skilrock.lms.coreEngine.instantWin.common.controllerImpl,CommonMethodsControllerImpl,342,0,42,0,66,0,29,0,8,0
lms,com.skilrock.lms.api.reports,LmsReportsServicesApiHelper,208,0,2,0,55,0,4,0,3,0
lms,com.skilrock.lms.api.reports,LmsReportsServicesImpl,351,0,22,0,81,0,17,0,6,0
lms,com.skilrock.lms.web.scratchService.reportsMgmt.common,ScratchPwtReportAction,928,0,42,0,207,0,46,0,25,0
lms,com.skilrock.lms.web.scratchService.reportsMgmt.common,TicketStatusAgentAction,220,0,2,0,67,0,25,0,24,0
lms,com.skilrock.lms.web.scratchService.reportsMgmt.common,PwtDetailsReportAction,102,0,4,0,27,0,10,0,8,0
lms,com.skilrock.lms.web.scratchService.reportsMgmt.common,SaleReportRetAction,682,0,46,0,162,0,47,0,24,0
lms,com.skilrock.lms.web.scratchService.reportsMgmt.common,WriteExcelForSaleReport,2588,0,18,0,329,0,25,0,16,0
lms,com.skilrock.lms.web.scratchService.reportsMgmt.common,WriteExcelForTicketStatusReport,680,0,4,0,110,0,12,0,10,0
lms,com.skilrock.lms.web.scratchService.reportsMgmt.common,TicketByTicketSaleTxnReportAction,168,43,2,2,45,16,17,7,16,6
lms,com.skilrock.lms.web.scratchService.reportsMgmt.common,PwtReportAction,944,0,74,0,230,0,72,0,35,0
lms,com.skilrock.lms.web.scratchService.reportsMgmt.common,PWTReportForRetAction,715,0,48,0,169,0,47,0,23,0
lms,com.skilrock.lms.web.scratchService.reportsMgmt.common,WriteExcelForScratchPwtReport,2444,0,24,0,288,0,25,0,13,0
lms,com.skilrock.lms.web.scratchService.reportsMgmt.common,ScratchSaleReportAction,817,0,36,0,184,0,41,0,23,0
lms,com.skilrock.lms.web.scratchService.reportsMgmt.common,SaleReportsAction,724,0,52,0,172,0,55,0,29,0
lms,com.skilrock.lms.web.scratchService.reportsMgmt.common,SaleReportsAgentAction,759,0,52,0,176,0,53,0,27,0
lms,com.skilrock.lms.web.scratchService.reportsMgmt.common,WarehouseReportAction,82,0,0,0,26,0,7,0,7,0
lms,com.skilrock.lms.web.scratchService.reportsMgmt.common,WriteExcelForPwt,856,0,8,0,117,0,15,0,11,0
lms,com.skilrock.lms.web.scratchService.reportsMgmt.common,WriteExcelForScratchSaleReport,1578,0,20,0,221,0,22,0,12,0
lms,com.skilrock.lms.coreEngine.reportsMgmt.daoImpl,GoodCauseDaoImpl,184,0,6,0,42,0,7,0,4,0
lms,com.skilrock.lms.coreEngine.reportsMgmt.daoImpl,NetSaleWinningRepDaoImpl,622,0,20,0,124,0,16,0,6,0
lms,com.skilrock.lms.coreEngine.reportsMgmt.daoImpl,DetailedWinningPaymentDaoImpl,621,0,32,0,121,0,24,0,8,0
lms,com.skilrock.lms.coreEngine.reportsMgmt.daoImpl,TicketByTicketSaleTxnReportDaoImpl,440,0,16,0,82,0,15,0,7,0
lms,com.skilrock.lms.coreEngine.reportsMgmt.daoImpl,IntakeReportDaoImpl,230,0,14,0,48,0,11,0,4,0
lms,com.skilrock.lms.coreEngine.reportsMgmt.daoImpl,PriviledgeModificationDaoImpl,634,0,26,0,143,0,20,0,7,0
lms,com.skilrock.lms.web.scratchService.pwtMgmt.common,DecoderUtilityForPwt,7,0,0,0,2,0,2,0,2,0
lms,com.skilrock.lms.web.scratchService.pwtMgmt.common,ApprovePlayerPWTAction,197,0,6,0,63,0,31,0,28,0
lms,com.skilrock.lms.web.scratchService.pwtMgmt.common,RetailerPwtProcessAction,1433,0,50,0,305,0,86,0,61,0
lms,com.skilrock.lms.web.scratchService.pwtMgmt.common,PwtBOAction,359,0,14,0,90,0,27,0,20,0
lms,com.skilrock.lms.web.scratchService.pwtMgmt.common,PwtBOActionTNV,383,0,10,0,89,0,27,0,22,0
lms,com.skilrock.lms.web.scratchService.pwtMgmt.common,PwtAgentAction,483,0,24,0,112,0,38,0,26,0
lms,com.skilrock.lms.web.scratchService.pwtMgmt.common,HighPrizePwtTicketBOAction,534,0,16,0,121,0,32,0,24,0
lms,com.skilrock.lms.web.scratchService.pwtMgmt.common,PwtTicketAction,251,0,14,0,67,0,29,0,22,0
lms,com.skilrock.lms.web.scratchService.pwtMgmt.common,TrackPwtBOAction,196,0,0,0,57,0,29,0,29,0
lms,com.skilrock.lms.web.scratchService.pwtMgmt.common,PwtTicketAgentAction,294,0,4,0,80,0,33,0,31,0
lms,com.skilrock.lms.web.scratchService.pwtMgmt.common,CommonFunctions,105,0,4,0,35,0,18,0,16,0
lms,com.skilrock.lms.web.scratchService.pwtMgmt.common,HighPrizePwtTicketAgentAction,508,0,12,0,116,0,30,0,24,0
lms,com.skilrock.lms.web.scratchService.pwtMgmt.common,BOPwtProcessAction,1388,0,34,0,339,0,142,0,125,0
lms,com.skilrock.lms.web.scratchService.pwtMgmt.common,PwtAgentActionTNV,537,0,30,0,117,0,43,0,28,0
lms,com.skilrock.lms.web.scratchService.pwtMgmt.common,PwtVerifyAction,1252,0,44,0,311,0,95,0,73,0
lms,com.skilrock.lms.web.scratchService.pwtMgmt.common,AgentPwtProcessAction,1019,0,20,0,281,0,123,0,113,0
lms,com.skilrock.lms.android.drawGames.playMgmt.action,RainBowNumberAction,1309,0,40,0,230,0,37,0,17,0
lms,com.skilrock.lms.android.drawGames.playMgmt.action,DrawGameRPOS,3014,0,262,0,497,0,147,0,16,0
lms,com.skilrock.lms.coreEngine.scratchService.reportsMgmt.common,IScratchPwtReportHelper,4,0,0,0,1,0,1,0,1,0
lms,com.skilrock.lms.coreEngine.scratchService.reportsMgmt.common,SaleReportsHelper,637,0,36,0,142,0,25,0,7,0
lms,com.skilrock.lms.coreEngine.scratchService.reportsMgmt.common,PwtReportsRetHelper,368,0,24,0,86,0,15,0,3,0
lms,com.skilrock.lms.coreEngine.scratchService.reportsMgmt.common,ScratchPwtReportHelperSP,827,0,32,0,192,0,25,0,9,0
lms,com.skilrock.lms.coreEngine.scratchService.reportsMgmt.common,SaleReportsAgentHelper,1237,0,78,0,254,0,47,0,8,0
lms,com.skilrock.lms.coreEngine.scratchService.reportsMgmt.common,ScratchSaleReportHelperSP,817,0,40,0,178,0,27,0,7,0
lms,com.skilrock.lms.coreEngine.scratchService.reportsMgmt.common,PwtReportsHelper,983,0,84,0,209,0,48,0,6,0
lms,com.skilrock.lms.coreEngine.scratchService.reportsMgmt.common,SaleReportRetHelper,369,0,20,0,84,0,14,0,4,0
lms,com.skilrock.lms.coreEngine.scratchService.reportsMgmt.common,SaleReportsAgentHelperSP,914,0,78,0,188,0,47,0,8,0
lms,com.skilrock.lms.coreEngine.scratchService.reportsMgmt.common,PwtReportsAgentHelper,382,0,30,0,84,0,18,0,3,0
lms,com.skilrock.lms.coreEngine.scratchService.reportsMgmt.common,ScratchPwtReportHelper,888,0,32,0,207,0,25,0,9,0
lms,com.skilrock.lms.coreEngine.scratchService.reportsMgmt.common,IScratchSaleReportHelper,4,0,0,0,1,0,1,0,1,0
lms,com.skilrock.lms.coreEngine.scratchService.reportsMgmt.common,PwtDetailsReportHelper,450,0,44,0,82,0,26,0,4,0
lms,com.skilrock.lms.coreEngine.scratchService.reportsMgmt.common,ScratchSaleReportHelper,1091,0,48,0,191,0,31,0,7,0
lms,com.skilrock.lms.coreEngine.scratchService.reportsMgmt.common,PwtReportsAgentHelperSP,382,0,30,0,84,0,18,0,3,0
lms,com.skilrock.lms.coreEngine.instantWin.beans,GameMasterBean,142,0,0,0,36,0,24,0,24,0
lms,com.skilrock.lms.coreEngine.scratchService.inventoryMgmt.common,AgentDispatchGameHelper,2196,0,296,0,524,0,169,0,21,0
lms,com.skilrock.lms.coreEngine.scratchService.inventoryMgmt.common,LooseSaleAgentHelper,771,0,48,0,184,0,29,0,5,0
lms,com.skilrock.lms.coreEngine.scratchService.inventoryMgmt.common,SalesReturnAgentHelper,3193,0,254,0,850,0,162,0,35,0
lms,com.skilrock.lms.coreEngine.scratchService.inventoryMgmt.common,BookWiseInvDetailForRetHelper,1413,7,94,0,297,2,54,2,7,2
lms,com.skilrock.lms.coreEngine.scratchService.inventoryMgmt.common,InventoryGameReportLinkHelper,126,0,18,0,34,0,11,0,2,0
lms,com.skilrock.lms.coreEngine.scratchService.inventoryMgmt.common,SalesReturnHelper,3679,0,316,0,964,0,194,0,36,0
lms,com.skilrock.lms.coreEngine.scratchService.inventoryMgmt.common,LooseSaleBOHelper,732,0,48,0,181,0,29,0,5,0
lms,com.skilrock.lms.coreEngine.scratchService.inventoryMgmt.common,LooseSaleReturnBOHelper,464,0,24,0,117,0,14,0,2,0
lms,com.skilrock.lms.coreEngine.scratchService.inventoryMgmt.common,SoldTicketEntryForRetHelper,873,12,44,0,187,4,27,2,5,2
lms,com.skilrock.lms.coreEngine.scratchService.inventoryMgmt.common,BODispatchGameHelper,1667,0,244,0,400,0,138,0,16,0
lms,com.skilrock.lms.coreEngine.scratchService.inventoryMgmt.common,TicketStatusReportHelper,404,0,24,0,78,0,16,0,4,0
lms,com.skilrock.lms.coreEngine.scratchService.inventoryMgmt.common,InventoryGameReportAgentHelper,749,0,70,0,125,0,39,0,4,0
lms,com.skilrock.lms.coreEngine.scratchService.inventoryMgmt.common,DirectSaleAgentHelper,2653,0,150,0,689,0,87,0,12,0
lms,com.skilrock.lms.coreEngine.scratchService.inventoryMgmt.common,GameInventoryStatusForBOHelper,1705,0,194,0,374,0,108,0,11,0
lms,com.skilrock.lms.coreEngine.scratchService.inventoryMgmt.common,InventoryGameReportRetailerHelper,500,0,74,0,85,0,41,0,4,0
lms,com.skilrock.lms.coreEngine.scratchService.inventoryMgmt.common,DirectSaleBOHelper,2118,0,114,0,523,0,71,0,14,0
lms,com.skilrock.lms.coreEngine.scratchService.inventoryMgmt.common,LooseSaleReturnAgentHelper,479,0,24,0,120,0,14,0,2,0
lms,com.skilrock.lms.coreEngine.scratchService.inventoryMgmt.common,WarehouseRegHelper,385,0,10,0,51,0,9,0,4,0
lms,com.skilrock.lms.coreEngine.scratchService.inventoryMgmt.common,AgentOrderProcessHelper,2770,0,200,0,730,0,115,0,15,0
lms,com.skilrock.lms.coreEngine.scratchService.inventoryMgmt.common,GenerateOrderHelper,277,0,30,0,67,0,18,0,3,0
lms,com.skilrock.lms.coreEngine.scratchService.inventoryMgmt.common,InventoryGameReportHelper,905,0,76,0,142,0,42,0,4,0
lms,com.skilrock.lms.coreEngine.scratchService.inventoryMgmt.common,BookWiseInvDetailForAgtHelper,636,0,68,0,149,0,39,0,5,0
lms,com.skilrock.lms.coreEngine.scratchService.inventoryMgmt.common,UpdateBookNVirnStatusHelper,2026,0,206,0,356,0,113,0,10,0
lms,com.skilrock.lms.coreEngine.scratchService.inventoryMgmt.common,BookFlowHelper,1593,0,122,0,279,0,66,0,5,0
lms,com.skilrock.lms.coreEngine.scratchService.inventoryMgmt.common,WarehouseShiftInventoryHelper,343,0,6,0,51,0,8,0,5,0
lms,com.skilrock.lms.coreEngine.scratchService.inventoryMgmt.common,Unzip,1510,0,52,0,248,0,39,0,13,0
lms,com.skilrock.lms.coreEngine.scratchService.pwtMgmt.common,PlayerVerifyHelperForApp,628,0,20,0,121,0,16,0,6,0
lms,com.skilrock.lms.coreEngine.scratchService.pwtMgmt.common,PwtAgentHelper,1822,0,162,0,480,0,88,0,7,0
lms,com.skilrock.lms.coreEngine.scratchService.pwtMgmt.common,HighPrizePwtTicketBOHelper,1278,0,138,0,320,0,80,0,11,0
lms,com.skilrock.lms.coreEngine.scratchService.pwtMgmt.common,CommonFunctionsHelperTNV,24,0,0,0,9,0,2,0,2,0
lms,com.skilrock.lms.coreEngine.scratchService.pwtMgmt.common,PwtTicketHelper,1656,0,182,0,419,0,105,0,14,0
lms,com.skilrock.lms.coreEngine.scratchService.pwtMgmt.common,PwtVerfiyHelper,3767,0,274,0,790,0,161,0,24,0
lms,com.skilrock.lms.coreEngine.scratchService.pwtMgmt.common,CommonFunctionsHelper,3895,3,282,0,855,1,163,1,22,1
lms,com.skilrock.lms.coreEngine.scratchService.pwtMgmt.common,AgentPwtProcessHelper,3909,0,300,0,825,0,161,0,11,0
lms,com.skilrock.lms.coreEngine.scratchService.pwtMgmt.common,PwtBOHelper,3081,0,224,0,705,0,126,0,14,0
lms,com.skilrock.lms.coreEngine.scratchService.pwtMgmt.common,ScratchTicketVerifyHelper,226,0,24,0,55,0,15,0,3,0
lms,com.skilrock.lms.coreEngine.scratchService.pwtMgmt.common,HighPrizePwtTicketAgentHelper,1073,0,134,0,287,0,78,0,11,0
lms,com.skilrock.lms.coreEngine.scratchService.pwtMgmt.common,VirnDecryptionHelper,277,0,32,0,63,0,21,0,5,0
lms,com.skilrock.lms.coreEngine.scratchService.pwtMgmt.common,RetailerPwtProcessHelper,4301,0,278,0,885,0,158,0,19,0
lms,com.skilrock.lms.coreEngine.scratchService.pwtMgmt.common,TrackPwtBOHelper,2697,0,138,0,543,0,75,0,6,0
lms,com.skilrock.lms.coreEngine.scratchService.pwtMgmt.common,BOPwtProcessHelper,6276,0,402,0,1282,0,215,0,14,0
lms,com.skilrock.lms.coreEngine.scratchService.pwtMgmt.common,PwtTicketAgentHelper,940,0,86,0,203,0,52,0,9,0
lms,com.skilrock.lms.coreEngine.scratchService.pwtMgmt.common,ApprovePlayerPWTHelper,522,0,48,0,136,0,30,0,6,0
lms,com.skilrock.lms.coreEngine.scratchService.pwtMgmt.common,PwtAgentHelperTNV,2195,0,188,0,549,0,102,0,8,0
lms,com.skilrock.lms.coreEngine.scratchService.pwtMgmt.common,BOPwtProcessHelperTNV,6210,0,392,0,1268,0,210,0,14,0
lms,com.skilrock.lms.coreEngine.scratchService.pwtMgmt.common,PwtBOHelperTNV,3327,0,240,0,766,0,135,0,15,0
lms,com.skilrock.lms.web.drawGames.pwtMgmt,RetailerPwtProcessAction,262,0,8,0,73,0,20,0,16,0
lms,com.skilrock.lms.web.drawGames.pwtMgmt,RetPwtPayProcessAction,326,0,2,0,99,0,56,0,55,0
lms,com.skilrock.lms.web.drawGames.pwtMgmt,AgentPwtProcessAction,813,0,48,0,198,0,82,0,58,0
lms,com.skilrock.lms.web.drawGames.pwtMgmt,MerchantPwtProcessAction,427,0,20,0,113,0,27,0,17,0
lms,com.skilrock.lms.web.drawGames.pwtMgmt,BOPwtProcessAction,1364,0,56,0,350,0,153,0,125,0
lms,com.skilrock.lms.web.drawGames.pwtMgmt,SecondChancePWTBOAction,30,0,0,0,14,0,9,0,9,0
lms,com.skilrock.lms.coreEngine.accMgmt.serviceImpl,BankDepositServiceImpl,300,0,6,0,78,0,11,0,8,0
lms,com.skilrock.lms.coreEngine.accMgmt.serviceImpl,AgentAutoBlockServiceImpl,1427,0,110,0,250,0,63,0,8,0
lms,com.skilrock.lms.coreEngine.accMgmt.common,AgentPaymentChequeHelper,402,0,26,0,98,0,18,0,5,0
lms,com.skilrock.lms.coreEngine.accMgmt.common,PWTPlayerHelper,1163,0,54,0,274,0,34,0,7,0
lms,com.skilrock.lms.coreEngine.accMgmt.common,CalculateGovCommAmtHelper,3010,0,162,0,538,0,99,0,18,0
lms,com.skilrock.lms.coreEngine.accMgmt.common,PwtTicketDirectPlayerHelper,1374,0,132,0,354,0,79,0,13,0
lms,com.skilrock.lms.coreEngine.accMgmt.common,TDSHelper,11864,0,444,0,2221,0,232,0,10,0
lms,com.skilrock.lms.coreEngine.accMgmt.common,PlayerPWTVerifyHelper,1488,0,64,0,328,0,42,0,10,0
lms,com.skilrock.lms.coreEngine.accMgmt.common,ApproveTaskHelper,2165,0,36,0,470,0,26,0,8,0
lms,com.skilrock.lms.coreEngine.accMgmt.common,AgentBankDepositHelper,1515,0,110,0,376,0,60,0,5,0
lms,com.skilrock.lms.coreEngine.accMgmt.common,UpdateGovCommRateHelper,996,0,138,0,243,0,77,0,8,0
lms,com.skilrock.lms.coreEngine.accMgmt.common,GenerateDeliveryByHtmlHelper,2976,0,190,0,541,0,110,0,15,0
lms,com.skilrock.lms.coreEngine.accMgmt.common,TDSSubmitHelper,3027,0,114,0,727,0,77,0,20,0
lms,com.skilrock.lms.coreEngine.accMgmt.common,GenerateDeliveryForAgentByHtmlHelper,2171,0,148,0,404,0,88,0,14,0
lms,com.skilrock.lms.coreEngine.accMgmt.common,ProcessPendingPWTHelper,686,0,70,0,153,0,40,0,5,0
lms,com.skilrock.lms.coreEngine.accMgmt.common,DebitNoteBoHelper,290,0,12,0,80,0,8,0,2,0
lms,com.skilrock.lms.coreEngine.accMgmt.common,VatAgentHelper,4985,0,168,0,878,0,88,0,4,0
lms,com.skilrock.lms.coreEngine.accMgmt.common,UpdateTrainningExpHelper,997,0,72,0,147,0,41,0,5,0
lms,com.skilrock.lms.coreEngine.accMgmt.common,TrainingExpAgentHelper.new TypeToken() {...},6,0,0,0,1,0,1,0,1,0
lms,com.skilrock.lms.coreEngine.accMgmt.common,TrainingExpAgentHelper.new TypeToken() {...},6,0,0,0,1,0,1,0,1,0
lms,com.skilrock.lms.coreEngine.accMgmt.common,TrainingExpAgentHelper,7486,0,362,0,1412,0,208,0,27,0
lms,com.skilrock.lms.coreEngine.accMgmt.common,DebitNoteAgentHelper,290,0,10,0,82,0,7,0,2,0
lms,com.skilrock.lms.coreEngine.accMgmt.common,AgentPaymentSubmitHelper,507,0,32,0,118,0,19,0,3,0
lms,com.skilrock.lms.coreEngine.accMgmt.common,RetailerPaymentSubmitHelper,1400,0,78,0,314,0,45,0,6,0
lms,com.skilrock.lms.coreEngine.accMgmt.common,TwoWayCashDepositAtBOHelper,347,0,24,0,71,0,15,0,3,0
lms,com.skilrock.lms.coreEngine.accMgmt.common,ChequeClearanceHelper,1546,0,98,0,347,0,55,0,6,0
lms,com.skilrock.lms.coreEngine.accMgmt.common,OrgBalanceUpdateHelper,1168,0,74,0,317,0,47,0,10,0
lms,com.skilrock.lms.coreEngine.accMgmt.common,CashRegisterHelper,919,0,44,0,241,0,33,0,11,0
lms,com.skilrock.lms.coreEngine.accMgmt.common,RecieptSearchActionHelper,2665,0,394,0,504,0,210,0,13,0
lms,com.skilrock.lms.coreEngine.accMgmt.common,CreditNoteAgentHelper,308,0,8,0,81,0,6,0,2,0
lms,com.skilrock.lms.coreEngine.accMgmt.common,SearchChequeHelper,633,0,42,0,134,0,27,0,6,0
lms,com.skilrock.lms.jnlp,AppletJnlp,254,0,12,0,54,0,11,0,5,0
lms,com.skilrock.lms.jnlp,RxtxJnlp,244,0,6,0,68,0,8,0,5,0
lms,com.skilrock.lms.jnlp,App,187,0,6,0,48,0,9,0,6,0
lms,com.skilrock.lms.coreEngine.sportsLottery.common.daoImpl,CommonMethodsDaoImpl,395,0,18,0,101,0,16,0,7,0
lms,com,DOMCopy,212,0,10,0,39,0,15,0,8,0
lms,com,LongLatService,230,0,12,0,49,0,11,0,5,0
lms,com,MyErrorHandler,62,0,0,0,11,0,5,0,5,0
lms,com,ManualRequest,122,0,0,0,57,0,55,0,55,0
lms,com,Test,23,0,4,0,6,0,4,0,2,0
lms,com.skilrock.lms.api.lmsWrapper,LmsWrapperServiceImpl,2752,0,152,0,627,0,112,0,36,0
lms,com.skilrock.lms.api.lmsWrapper,LmsWrapperServiceApiHelper,5327,0,300,0,1136,0,179,0,29,0
lms,com.skilrock.lms.api.pmsMgmt.servlet,LmsManagementServlet,82,0,2,0,25,0,5,0,4,0
lms,com.skilrock.lms.coreEngine.sportsLottery.playMgmt.daoImpl,SportsLotteryGamePlayDaoImpl,1024,0,36,0,242,0,25,0,7,0
lms,com.skilrock.lms.coreEngine.sportsLottery.playMgmt.daoImpl,SportsLotteryGameTicketReprintDaoImpl,3,0,0,0,1,0,1,0,1,0
lms,com.skilrock.lms.coreEngine.sportsLottery.playMgmt.daoImpl,SportsLotteryGameTicketCancelDaoImpl,3,0,0,0,1,0,1,0,1,0
lms,com.skilrock.lms.web.loginMgmt,LoginSuccess,27,0,4,0,8,0,4,0,2,0
lms,com.skilrock.lms.web.loginMgmt,menuBuilder,130,0,2,0,19,0,5,0,4,0
lms,com.skilrock.lms.web.loginMgmt,AutomaticArchiving,483,0,38,0,122,0,26,0,7,0
lms,com.skilrock.lms.web.loginMgmt,MailSend.SMTPAuthenticator,12,0,0,0,2,0,2,0,2,0
lms,com.skilrock.lms.web.loginMgmt,RolesInterceptor,304,0,44,0,88,0,33,0,11,0
lms,com.skilrock.lms.web.loginMgmt,AuthenticationAction,1503,0,152,0,281,0,103,0,27,0
lms,com.skilrock.lms.web.loginMgmt,AuthenticationforBOMaster,644,0,56,0,148,0,41,0,13,0
lms,com.skilrock.lms.web.loginMgmt,OpenVSPageAction,236,0,18,0,52,0,15,0,6,0
lms,com.skilrock.lms.web.loginMgmt,MailSend,246,0,2,0,73,0,9,0,8,0
lms,com.skilrock.lms.web.loginMgmt,OpenSLEPageAction,77,0,2,0,12,0,5,0,4,0
lms,com.skilrock.lms.web.loginMgmt,ChangePasswordAction,295,0,40,0,64,0,31,0,11,0
lms,com.skilrock.lms.web.loginMgmt,CheckAnsAction,101,0,4,0,23,0,9,0,7,0
lms,com.skilrock.lms.web.loginMgmt,AfterLogin,203,0,4,0,49,0,18,0,16,0
lms,com.skilrock.lms.web.loginMgmt,WebAuthenticationAction,644,0,44,0,132,0,29,0,7,0
lms,com.skilrock.lms.web.loginMgmt,AutoGenerate,153,0,8,0,28,0,9,0,5,0
lms,com.skilrock.lms.web.loginMgmt,Logout,169,0,12,0,46,0,16,0,10,0
lms,com.skilrock.lms.web.loginMgmt,ForgotPassword,314,0,16,0,79,0,22,0,14,0
lms,com.skilrock.lms.web.loginMgmt,MyLocale,89,0,8,0,25,0,9,0,5,0
lms,com.skilrock.lms.web.scratchService.customerSpecificReport.service,TicketByTicketSalePwtService,45,62,6,6,8,15,5,4,0,3
lms,com.skilrock.lms.excel.beans,HeaderBean,10,0,0,0,4,0,3,0,3,0
lms,com.skilrock.lms.excel.beans,RowDataBean,20,0,0,0,8,0,5,0,5,0
lms,com.skilrock.lms.excel.beans,DataBean,31,0,0,0,13,0,9,0,9,0
lms,com.skilrock.lms.excel.beans,RowBean,10,0,0,0,4,0,3,0,3,0
lms,com.skilrock.lms.excel.beans,MainDataBean,45,0,0,0,19,0,13,0,13,0
lms,com.skilrock.lms.excel.beans,HeaderDataBean,40,0,0,0,16,0,9,0,9,0
lms,com.skilrock.lms.coreEngine.drawGames.playMgmt,TwelveByTwentyFourHelper,1019,0,104,0,215,0,57,0,5,0
lms,com.skilrock.lms.coreEngine.drawGames.playMgmt,RaffleHelper,178,0,26,0,46,0,18,0,5,0
lms,com.skilrock.lms.coreEngine.drawGames.playMgmt,KenoFourHelper,1479,0,262,0,262,0,137,0,6,0
lms,com.skilrock.lms.coreEngine.drawGames.playMgmt,RaffleSecondChanceHelper.new TypeToken() {...},6,0,0,0,1,0,1,0,1,0
lms,com.skilrock.lms.coreEngine.drawGames.playMgmt,DrawGameRPOSHelper,22072,1269,1843,69,4584,276,1011,53,75,33
lms,com.skilrock.lms.coreEngine.drawGames.playMgmt,RaffleSecondChanceHelper,599,0,34,0,127,0,21,0,4,0
lms,com.skilrock.lms.coreEngine.drawGames.playMgmt,ServerStartUpData.new TypeToken() {...},3,0,0,0,1,0,1,0,1,0
lms,com.skilrock.lms.coreEngine.drawGames.playMgmt,ServerStartUpData.new TypeToken() {...},3,0,0,0,1,0,1,0,1,0
lms,com.skilrock.lms.coreEngine.drawGames.playMgmt,ServerStartUpData.new TypeToken() {...},3,0,0,0,1,0,1,0,1,0
lms,com.skilrock.lms.coreEngine.drawGames.playMgmt,ServerStartUpData.new TypeToken() {...},3,0,0,0,1,0,1,0,1,0
lms,com.skilrock.lms.coreEngine.drawGames.playMgmt,ServerStartUpData.new TypeToken() {...},3,0,0,0,1,0,1,0,1,0
lms,com.skilrock.lms.coreEngine.drawGames.playMgmt,ServerStartUpData.new TypeToken() {...},3,0,0,0,1,0,1,0,1,0
lms,com.skilrock.lms.coreEngine.drawGames.playMgmt,ServerStartUpData.new TypeToken() {...},3,0,0,0,1,0,1,0,1,0
lms,com.skilrock.lms.coreEngine.drawGames.playMgmt,ServerStartUpData.new TypeToken() {...},3,0,0,0,1,0,1,0,1,0
lms,com.skilrock.lms.coreEngine.drawGames.playMgmt,ServerStartUpData.new TypeToken() {...},3,0,0,0,1,0,1,0,1,0
lms,com.skilrock.lms.coreEngine.drawGames.playMgmt,ServerStartUpData.new TypeToken() {...},3,0,0,0,1,0,1,0,1,0
lms,com.skilrock.lms.coreEngine.drawGames.playMgmt,ServerStartUpData.new TypeToken() {...},3,0,0,0,1,0,1,0,1,0
lms,com.skilrock.lms.coreEngine.drawGames.playMgmt,ServerStartUpData.new TypeToken() {...},3,0,0,0,1,0,1,0,1,0
lms,com.skilrock.lms.coreEngine.drawGames.playMgmt,ServerStartUpData.new TypeToken() {...},3,0,0,0,1,0,1,0,1,0
lms,com.skilrock.lms.coreEngine.drawGames.playMgmt,ServerStartUpData.new TypeToken() {...},3,0,0,0,1,0,1,0,1,0
lms,com.skilrock.lms.coreEngine.drawGames.playMgmt,ServerStartUpData.new TypeToken() {...},3,0,0,0,1,0,1,0,1,0
lms,com.skilrock.lms.coreEngine.drawGames.playMgmt,KenoSixHelper,1367,0,138,0,218,0,74,0,5,0
lms,com.skilrock.lms.coreEngine.drawGames.playMgmt,ServerStartUpData.new TypeToken() {...},3,0,0,0,1,0,1,0,1,0
lms,com.skilrock.lms.coreEngine.drawGames.playMgmt,ServerStartUpData.new TypeToken() {...},3,0,0,0,1,0,1,0,1,0
lms,com.skilrock.lms.coreEngine.drawGames.playMgmt,ValueComparator,23,0,2,0,6,0,3,0,2,0
lms,com.skilrock.lms.coreEngine.drawGames.playMgmt,KenoEightHelper,1396,0,142,0,243,0,76,0,5,0
lms,com.skilrock.lms.coreEngine.drawGames.playMgmt,DrawGameRPOSHelper.new TypeToken() {...},6,0,0,0,1,0,1,0,1,0
lms,com.skilrock.lms.coreEngine.drawGames.playMgmt,DrawGameRPOSHelper.new TypeToken() {...},6,0,0,0,1,0,1,0,1,0
lms,com.skilrock.lms.coreEngine.drawGames.playMgmt,DrawGameRPOSHelper.new TypeToken() {...},6,0,0,0,1,0,1,0,1,0
lms,com.skilrock.lms.coreEngine.drawGames.playMgmt,DrawGameRPOSHelper.new TypeToken() {...},6,0,0,0,1,0,1,0,1,0
lms,com.skilrock.lms.coreEngine.drawGames.playMgmt,DrawGameRPOSHelper.new TypeToken() {...},6,0,0,0,1,0,1,0,1,0
lms,com.skilrock.lms.coreEngine.drawGames.playMgmt,DrawGameRPOSHelper.new TypeToken() {...},6,0,0,0,1,0,1,0,1,0
lms,com.skilrock.lms.coreEngine.drawGames.playMgmt,DrawGameRPOSHelper.new TypeToken() {...},6,0,0,0,1,0,1,0,1,0
lms,com.skilrock.lms.coreEngine.drawGames.playMgmt,DrawGameRPOSHelper.new TypeToken() {...},6,0,0,0,1,0,1,0,1,0
lms,com.skilrock.lms.coreEngine.drawGames.playMgmt,DrawGameRPOSHelper.new TypeToken() {...},6,0,0,0,1,0,1,0,1,0
lms,com.skilrock.lms.coreEngine.drawGames.playMgmt,DrawGameRPOSHelper.new TypeToken() {...},0,6,0,0,0,1,0,1,0,1
lms,com.skilrock.lms.coreEngine.drawGames.playMgmt,DrawGameRPOSHelper.new TypeToken() {...},6,0,0,0,1,0,1,0,1,0
lms,com.skilrock.lms.coreEngine.drawGames.playMgmt,DrawGameRPOSHelper.new TypeToken() {...},3,0,0,0,1,0,1,0,1,0
lms,com.skilrock.lms.coreEngine.drawGames.playMgmt,DrawGameRPOSHelper.new TypeToken() {...},0,6,0,0,0,1,0,1,0,1
lms,com.skilrock.lms.coreEngine.drawGames.playMgmt,KenoFiveHelper,1440,0,160,0,243,0,85,0,5,0
lms,com.skilrock.lms.coreEngine.drawGames.playMgmt,DrawGameRPOSHelper.new TypeToken() {...},6,0,0,0,1,0,1,0,1,0
lms,com.skilrock.lms.coreEngine.drawGames.playMgmt,DrawGameRPOSHelper.new TypeToken() {...},6,0,0,0,1,0,1,0,1,0
lms,com.skilrock.lms.coreEngine.drawGames.playMgmt,DrawGameRPOSHelper.new TypeToken() {...},6,0,0,0,1,0,1,0,1,0
lms,com.skilrock.lms.coreEngine.drawGames.playMgmt,DrawGameRPOSHelper.new TypeToken() {...},6,0,0,0,1,0,1,0,1,0
lms,com.skilrock.lms.coreEngine.drawGames.playMgmt,DrawGameRPOSHelper.new TypeToken() {...},6,0,0,0,1,0,1,0,1,0
lms,com.skilrock.lms.coreEngine.drawGames.playMgmt,DrawGameRPOSHelper.new TypeToken() {...},6,0,0,0,1,0,1,0,1,0
lms,com.skilrock.lms.coreEngine.drawGames.playMgmt,DrawGameRPOSHelper.new TypeToken() {...},6,0,0,0,1,0,1,0,1,0
lms,com.skilrock.lms.coreEngine.drawGames.playMgmt,DrawGameRPOSHelper.new TypeToken() {...},6,0,0,0,1,0,1,0,1,0
lms,com.skilrock.lms.coreEngine.drawGames.playMgmt,DrawGameRPOSHelper.new TypeToken() {...},6,0,0,0,1,0,1,0,1,0
lms,com.skilrock.lms.coreEngine.drawGames.playMgmt,DrawGameRPOSHelper.new TypeToken() {...},6,0,0,0,1,0,1,0,1,0
lms,com.skilrock.lms.coreEngine.drawGames.playMgmt,OfflineRetSaleHelper,2201,0,124,0,447,0,68,0,6,0
lms,com.skilrock.lms.coreEngine.drawGames.playMgmt,Aes,4859,0,121,0,296,0,102,0,19,0
lms,com.skilrock.lms.coreEngine.drawGames.playMgmt,OneToTwelveHelper,788,0,56,0,182,0,32,0,4,0
lms,com.skilrock.lms.coreEngine.drawGames.playMgmt,DrawGameOfflineHelper,1456,0,88,0,335,0,60,0,16,0
lms,com.skilrock.lms.coreEngine.drawGames.playMgmt,ServerStartUpData,2258,0,72,0,550,0,56,0,20,0
lms,com.skilrock.lms.coreEngine.drawGames.playMgmt,RainBowNumberHelper,1025,0,100,0,206,0,55,0,5,0
lms,com.skilrock.lms.coreEngine.drawGames.playMgmt,PickFourHelper,1173,0,132,0,218,0,70,0,4,0
lms,com.skilrock.lms.coreEngine.drawGames.playMgmt,ZimLottoBonusFreeHelper.new TypeToken() {...},3,0,0,0,1,0,1,0,1,0
lms,com.skilrock.lms.coreEngine.drawGames.playMgmt,KenoSevenHelper,855,0,68,0,189,0,39,0,5,0
lms,com.skilrock.lms.coreEngine.drawGames.playMgmt,KenoSixHelper.new TypeToken() {...},6,0,0,0,1,0,1,0,1,0
lms,com.skilrock.lms.coreEngine.drawGames.playMgmt,MpesaPaymentProcessHelper,5,0,0,0,2,0,2,0,2,0
lms,com.skilrock.lms.coreEngine.drawGames.playMgmt,ZimLottoBonusTwoFreeHelper,827,0,38,0,164,0,22,0,3,0
lms,com.skilrock.lms.coreEngine.drawGames.playMgmt,ZimLottoBonusFreeHelper,629,0,38,0,128,0,22,0,3,0
lms,com.skilrock.lms.coreEngine.drawGames.playMgmt,MobileDrawMgmtHelper,167,0,2,0,27,0,3,0,2,0
lms,com.skilrock.lms.coreEngine.drawGames.playMgmt,FourDigitHelper,947,0,88,0,182,0,50,0,6,0
lms,com.skilrock.lms.coreEngine.drawGames.playMgmt,OneToTwelveRouletteHelper,749,0,54,0,169,0,31,0,4,0
lms,com.skilrock.lms.coreEngine.drawGames.playMgmt,PickThreeHelper,908,0,82,0,190,0,45,0,4,0
lms,com.skilrock.lms.coreEngine.drawGames.playMgmt,TenByThirtyHelper,951,0,82,0,207,0,46,0,5,0
lms,com.skilrock.lms.coreEngine.drawGames.playMgmt,KenoNineHelper,1152,0,112,0,226,0,61,0,5,0
lms,com.skilrock.lms.coreEngine.drawGames.playMgmt,ZeroToNineHelper,668,0,48,0,160,0,30,0,6,0
lms,com.skilrock.lms.coreEngine.drawGames.playMgmt,TenByTwentyHelper,999,0,98,0,213,0,54,0,5,0
lms,com.skilrock.lms.coreEngine.drawGames.playMgmt,DrawGameValidation,155,0,26,0,29,0,16,0,3,0
lms,com.skilrock.lms.web.sportsLottery.reportsMgmt.beans,SLEOrgReportResponseBean,70,0,0,0,17,0,12,0,12,0
lms,com.skilrock.lms.web.sportsLottery.reportsMgmt.beans,SLEOrgReportRequestBean,38,0,0,0,16,0,11,0,11,0
lms,com.skilrock.lms.embedded.scratchService.orderMgmt.common,GenerateRetailerOrderAction,329,0,24,0,70,0,23,0,11,0
lms,com.skilrock.lms.embedded.scratchService.orderMgmt.common,GameInfo,198,0,6,0,49,0,10,0,7,0
lms,com.skilrock.ola.commonMethods.controllerImpl,OlaCommonMethodControllerImpl,919,0,128,0,215,0,78,0,14,0
lms,com.skilrock.lms.rest.services.common.daoImpl,TpEBetMgmtDaoImpl,891,0,24,0,188,0,22,0,10,0
lms,com.skilrock.lms.rest.services.common.daoImpl,TpSchedulerDaoImpl,191,0,16,0,47,0,13,0,5,0
lms,com.skilrock.lms.coreEngine.instantWin.common,InstantWinUtils,363,0,22,0,107,0,23,0,12,0
lms,com.skilrock.lms.coreEngine.instantWin.common,InstantWinUtility,151,0,4,0,38,0,8,0,6,0
lms,com.skilrock.lms.coreEngine.instantWin.common,IWException,44,0,0,0,20,0,9,0,9,0
lms,com.skilrock.lms.coreEngine.instantWin.common,InstantWinServiceIntegration.new TypeToken() {...},3,0,0,0,1,0,1,0,1,0
lms,com.skilrock.lms.coreEngine.instantWin.common,InstantWinServiceIntegration.new TypeToken() {...},3,0,0,0,1,0,1,0,1,0
lms,com.skilrock.lms.coreEngine.instantWin.common,InstantWinServiceIntegration.new TypeToken() {...},3,0,0,0,1,0,1,0,1,0
lms,com.skilrock.lms.coreEngine.instantWin.common,InstantWinServiceIntegration.new TypeToken() {...},3,0,0,0,1,0,1,0,1,0
lms,com.skilrock.lms.coreEngine.instantWin.common,InstantWinServiceIntegration.new TypeToken() {...},3,0,0,0,1,0,1,0,1,0
lms,com.skilrock.lms.coreEngine.instantWin.common,InstantWinServiceIntegration.new TypeToken() {...},3,0,0,0,1,0,1,0,1,0
lms,com.skilrock.lms.coreEngine.instantWin.common,InstantWinServiceIntegration.new TypeToken() {...},3,0,0,0,1,0,1,0,1,0
lms,com.skilrock.lms.coreEngine.instantWin.common,InstantWinServiceIntegration.new TypeToken() {...},3,0,0,0,1,0,1,0,1,0
lms,com.skilrock.lms.coreEngine.instantWin.common,InstantWinServiceIntegration.new TypeToken() {...},3,0,0,0,1,0,1,0,1,0
lms,com.skilrock.lms.coreEngine.instantWin.common,IWUtil,42,0,4,0,14,0,6,0,4,0
lms,com.skilrock.lms.coreEngine.instantWin.common,IWErrors,3,0,0,0,1,0,1,0,1,0
lms,com.skilrock.lms.coreEngine.instantWin.common,InstantWinServiceIntegration.new TypeToken() {...},3,0,0,0,1,0,1,0,1,0
lms,com.skilrock.lms.coreEngine.instantWin.common,InstantWinServiceIntegration,808,0,14,0,216,0,22,0,15,0
lms,com.skilrock.ola.commonMethods.daoImpl,OlaCommonMethodDaoImpl,404,0,24,0,117,0,22,0,10,0
lms,com.skilrock.lms.dge.gameconstants,PickFourConstants,16,0,0,0,7,0,2,0,2,0
lms,com.skilrock.lms.dge.gameconstants,KenoTwoConstants,3,107,0,0,1,25,1,1,1,1
lms,com.skilrock.lms.dge.gameconstants,FortuneThreeConstants,101,0,0,0,14,0,2,0,2,0
lms,com.skilrock.lms.dge.gameconstants,KenoNineConstants,69,0,0,0,19,0,2,0,2,0
lms,com.skilrock.lms.dge.gameconstants,ZimlottotwoConstants,16,0,0,0,7,0,2,0,2,0
lms,com.skilrock.lms.dge.gameconstants,TanzanialottoConstants,16,0,0,0,7,0,2,0,2,0
lms,com.skilrock.lms.dge.gameconstants,TenByThirtyConstants,44,0,0,0,14,0,2,0,2,0
lms,com.skilrock.lms.dge.gameconstants,LottoConstants,16,0,0,0,7,0,2,0,2,0
lms,com.skilrock.lms.dge.gameconstants,FortuneConstants,63,0,0,0,4,0,2,0,2,0
lms,com.skilrock.lms.dge.gameconstants,FastlottoConstants,19,0,0,0,8,0,2,0,2,0
lms,com.skilrock.lms.dge.gameconstants,FourDigitConstants,91,0,0,0,16,0,2,0,2,0
lms,com.skilrock.lms.dge.gameconstants,KenoFourConstants,239,0,0,0,50,0,2,0,2,0
lms,com.skilrock.lms.dge.gameconstants,ZimLottoBonusTwoFreeConstants,6,0,0,0,2,0,2,0,2,0
lms,com.skilrock.lms.dge.gameconstants,FortuneTwoConstants,101,0,0,0,14,0,2,0,2,0
lms,com.skilrock.lms.dge.gameconstants,TwelveByTwentyFourConstants,79,0,0,0,21,0,2,0,2,0
lms,com.skilrock.lms.dge.gameconstants,ZimLottoBonusTwoConstants,3,0,0,0,1,0,1,0,1,0
lms,com.skilrock.lms.dge.gameconstants,ZimLottoBonusConstants,16,0,0,0,7,0,2,0,2,0
lms,com.skilrock.lms.dge.gameconstants,BonusBalllottoConstants,19,0,0,0,8,0,2,0,2,0
lms,com.skilrock.lms.dge.gameconstants,ZimLottoBonusFreeConstants,16,0,0,0,7,0,2,0,2,0
lms,com.skilrock.lms.dge.gameconstants,RainbowConstants,44,0,0,0,14,0,2,0,2,0
lms,com.skilrock.lms.dge.gameconstants,BonusBalltwoConstants,21,0,0,0,9,0,2,0,2,0
lms,com.skilrock.lms.dge.gameconstants,ZimlottoConstants,16,0,0,0,7,0,2,0,2,0
lms,com.skilrock.lms.dge.gameconstants,ZerotonineConstants,53,0,0,0,3,0,2,0,2,0
lms,com.skilrock.lms.dge.gameconstants,PickThreeConstants,16,0,0,0,7,0,2,0,2,0
lms,com.skilrock.lms.dge.gameconstants,KenoSixConstants,104,0,0,0,23,0,2,0,2,0
lms,com.skilrock.lms.dge.gameconstants,OneToTwelveConstants,67,0,0,0,6,0,2,0,2,0
lms,com.skilrock.lms.dge.gameconstants,KenoEightConstants,204,0,0,0,42,0,2,0,2,0
lms,com.skilrock.lms.dge.gameconstants,ZimlottothreeConstants,16,0,0,0,7,0,2,0,2,0
lms,com.skilrock.lms.dge.gameconstants,KenoSevenConstants,26,0,0,0,10,0,2,0,2,0
lms,com.skilrock.lms.dge.gameconstants,OneToTwelveRouletteConstants,71,0,0,0,8,0,2,0,2,0
lms,com.skilrock.lms.dge.gameconstants,KenoFiveConstants,308,0,0,0,60,0,2,0,2,0
lms,com.skilrock.lms.dge.gameconstants,KenoConstants,140,0,0,0,32,0,2,0,2,0
lms,com.skilrock.lms.dge.gameconstants,TenByTwentyConstants,69,0,0,0,19,0,2,0,2,0
lms,com.skilrock.lms.dge.gameconstants,SuperTwoConstants,97,0,0,0,24,0,2,0,2,0
lms,com.skilrock.lms.dge.gameconstants,RainbowConstants.colorsCode,98,0,0,0,5,0,4,0,4,0
lms,com.skilrock.lms.embedded.sportsLottery.pwtMgmt.action,SportsLotteryTerminalGamePwtAction,132,0,2,0,45,0,7,0,6,0
lms,com.skilrock.lms.embedded.sportsLottery.pwtMgmt.action,SportsLotteryTerminalPayPwtAction,153,0,2,0,52,0,7,0,6,0
lms,com.skilrock.lms.coreEngine.instantPrint.playMgmt,PwtClaimMsg,86,0,22,0,53,0,23,0,2,0
lms,com.skilrock.lms.coreEngine.instantPrint.playMgmt,RetPwtProcessHelper,653,0,42,0,157,0,25,0,4,0
lms,com.skilrock.lms.coreEngine.instantPrint.playMgmt,PlayHelper,1186,0,46,0,305,0,32,0,9,0
lms,com.skilrock.lms.coreEngine.instantPrint.playMgmt,MPesaPaymentProcessHelper,7,0,0,0,3,0,3,0,3,0
lms,com.skilrock.lms.coreEngine.instantPrint.playMgmt,PwtClaimMsg.status,228,0,0,0,2,0,4,0,4,0
lms,com.skilrock.lms.coreEngine.instantPrint.playMgmt,PwtClaimMsg.new Object() {...},152,0,0,0,1,0,1,0,1,0
lms,com.skilrock.lms.web.reportsMgmt.drawables,PrepareGraphsAndChartsDashBoardForBoAction,198,0,12,0,60,0,25,0,19,0
lms,com.skilrock.lms.web.reportsMgmt.drawables,GraphicalRepOfActInactInvStatusReportAction,189,0,2,0,61,0,29,0,28,0
lms,com.skilrock.lms.coreEngine.virtualSport.common,VSException,44,0,0,0,20,0,9,0,9,0
lms,com.skilrock.lms.coreEngine.virtualSport.common,VSErrors,3,0,0,0,1,0,1,0,1,0
lms,com.skilrock.lms.coreEngine.virtualSport.common,VSUtil,42,0,4,0,14,0,6,0,4,0
lms,com.skilrock.lms.sportsLottery.common,SLENotificationManager,1158,0,48,0,307,0,43,0,19,0
lms,com.skilrock.lms.sportsLottery.common,SLE.Errors,3,0,0,0,1,0,1,0,1,0
lms,com.skilrock.lms.sportsLottery.common,SLE,3,0,0,0,2,0,1,0,1,0
lms,com.skilrock.lms.sportsLottery.common,SLENotificationManager.new TypeToken() {...},3,0,0,0,1,0,1,0,1,0
lms,com.skilrock.lms.sportsLottery.common,SLENotificationManager.new TypeToken() {...},3,0,0,0,1,0,1,0,1,0
lms,com.skilrock.lms.sportsLottery.common,SLENotificationManager.new TypeToken() {...},3,0,0,0,1,0,1,0,1,0
lms,com.skilrock.lms.sportsLottery.common,SLENotificationManager.new TypeToken() {...},3,0,0,0,1,0,1,0,1,0
lms,com.skilrock.lms.sportsLottery.common,SLENotificationManager.new TypeToken() {...},3,0,0,0,1,0,1,0,1,0
lms,com.skilrock.lms.sportsLottery.common,SLENotificationManager.new TypeToken() {...},3,0,0,0,1,0,1,0,1,0
lms,com.skilrock.lms.sportsLottery.common,SLENotificationManager.new TypeToken() {...},3,0,0,0,1,0,1,0,1,0
lms,com.skilrock.lms.sportsLottery.common,NotifySLE,157,0,19,0,50,0,21,0,4,0
lms,com.skilrock.lms.sportsLottery.common,SLEUtils,259,0,22,0,52,0,14,0,3,0
lms,com.skilrock.lms.sportsLottery.common,SLE.Activity,3,0,0,0,1,0,1,0,1,0
lms,com.skilrock.lms.sportsLottery.common,SLE.Status,3,0,0,0,1,0,1,0,1,0
lms,com.skilrock.lms.web.drawGames.reportsMgmt,DailyBillingReport,298,0,10,0,79,0,33,0,28,0
lms,com.skilrock.lms.web.drawGames.reportsMgmt,DailyBillingReport.new TypeToken() {...},6,0,0,0,1,0,1,0,1,0
lms,com.skilrock.lms.embedded.scratchService.pwtMgmt.common,RetailerPwtProcessAction,1616,0,66,0,247,0,66,0,33,0
lms,com.skilrock.lms.embedded.scratchService.pwtMgmt.common,CommonFunctions,754,0,36,0,185,0,42,0,24,0
lms,com.cssl.ctp.il.wsdl.refund_v1,Fault,18,0,0,0,7,0,3,0,3,0
lms,com.cssl.ctp.il.wsdl.refund_v1,ObjectFactory,74,0,0,0,12,0,7,0,7,0
lms,com.cssl.ctp.il.wsdl.refund_v1,RefundBindingV10,74,0,0,0,17,0,4,0,4,0
lms,com.skilrock.lms.embedded.sportsLottery.common,SportsLotteryResponseData,1572,0,64,0,206,0,39,0,7,0
lms,com.skilrock.ola.embedded.reportsMgmt.action,RetailerReportAction,157,0,12,0,48,0,23,0,17,0
lms,com.skilrock.lms.common.exception,LMSErrors,3,0,0,0,1,0,1,0,1,0
lms,com.skilrock.lms.common.exception,LMSLogOutException,35,0,0,0,12,0,4,0,4,0
lms,com.skilrock.lms.common.exception,LMSException,27,18,0,0,13,8,6,4,6,4
lms,com.skilrock.lms.common.exception,GenericException,48,0,0,0,22,0,10,0,10,0
lms,com.skilrock.lms.common.exception,LMSErrorProperty,66,0,6,0,18,0,8,0,5,0
lms,com.skilrock.lms.coreEngine.inventoryMgmt.DaoImpl,BODirectInvAssignNReturnDaoImpl,1222,0,56,0,272,0,37,0,9,0
lms,com.skilrock.lms.scheduler.daoImpl,DailySecurityNLevySettlementDaoImpl,332,0,8,0,62,0,9,0,5,0
lms,com.skilrock.lms.web.sportsLottery.drawMgmt.common,ResultSubmissionAction,101,0,0,0,37,0,16,0,16,0
lms,com.skilrock.camlot.coreEngine.common,CamlotAvailabilityHelper,494,0,0,0,83,0,6,0,6,0
lms,com.skilrock.camlot.coreEngine.common,CommonSMSHelper,339,0,6,0,78,0,6,0,3,0
lms,com.skilrock.camlot.coreEngine.common,CamlotRefundHelper,340,0,0,0,57,0,4,0,4,0
lms,com.skilrock.camlot.coreEngine.common,CamlotMobileVTUSaleHelper,583,0,0,0,89,0,5,0,5,0
lms,com.skilrock.camlot.coreEngine.common,CommonCamlotHelper,1346,0,56,0,245,0,35,0,7,0
lms,com.skilrock.camlot.coreEngine.common,CamlotMobileETUSaleHelper,559,0,0,0,77,0,5,0,5,0
lms,com.skilrock.lms.web.scratchService.customerSpecificReport.beans,TicketByTicketSalePwt,28,27,0,0,8,13,7,7,7,7
lms,com.cssl.ctp.il.wsdl.il_availability_v1,Fault,18,0,0,0,7,0,3,0,3,0
lms,com.cssl.ctp.il.wsdl.il_availability_v1,ObjectFactory,74,0,0,0,12,0,7,0,7,0
lms,com.cssl.ctp.il.wsdl.il_availability_v1,AvailabilityBindingV10,189,0,2,0,51,0,10,0,9,0
lms,com.skilrock.lms.keba.reportMgmt.action,WinningResultReportAction,12,0,0,0,6,0,4,0,4,0
lms,com.skilrock.lms.keba.reportMgmt.action,MessageAction,236,0,8,0,45,0,7,0,3,0
lms,com.skilrock.lms.keba.reportMgmt.action,RetailerGraphReportAction,738,0,30,0,121,0,19,0,4,0
lms,com.skilrock.lms.keba.reportMgmt.action,RetailerTransactionReportAction,465,0,22,0,79,0,15,0,4,0
lms,com.skilrock.lms.web.drawGames.playMgmt,TwelveByTwentyFourAction,1328,0,98,0,247,0,62,0,13,0
lms,com.skilrock.lms.web.drawGames.playMgmt,LottoAction,300,0,12,0,85,0,31,0,25,0
lms,com.skilrock.lms.web.drawGames.playMgmt,ZimLottotwoAction,320,0,12,0,96,0,37,0,31,0
lms,com.skilrock.lms.web.drawGames.playMgmt,BonusBallLottoAction,335,0,16,0,99,0,39,0,31,0
lms,com.skilrock.lms.web.drawGames.playMgmt,OneToTwelveRouletteAction,1209,0,66,0,221,0,44,0,11,0
lms,com.skilrock.lms.web.drawGames.playMgmt,TanzaniaLottoAction,331,0,16,0,98,0,39,0,31,0
lms,com.skilrock.lms.web.drawGames.playMgmt,ZeroToNineAction,416,0,8,0,93,0,35,0,31,0
lms,com.skilrock.lms.web.drawGames.playMgmt,KenoTwoAction,252,1234,28,54,36,246,21,48,1,27
lms,com.skilrock.lms.web.drawGames.playMgmt,PickThreeAction,923,0,46,0,182,0,35,0,12,0
lms,com.skilrock.lms.web.drawGames.playMgmt,RaffleAction,357,0,8,0,94,0,20,0,16,0
lms,com.skilrock.lms.web.drawGames.playMgmt,KenoSixAction,1169,0,58,0,212,0,45,0,16,0
lms,com.skilrock.lms.web.drawGames.playMgmt,PickFourAction,923,0,46,0,182,0,35,0,12,0
lms,com.skilrock.lms.web.drawGames.playMgmt,TenByTwentyAction,1107,0,64,0,213,0,44,0,12,0
lms,com.skilrock.lms.web.drawGames.playMgmt,ZimLottoBonusRequest,8,113,0,0,4,48,2,31,2,31
lms,com.skilrock.lms.web.drawGames.playMgmt,KenoAction,861,0,48,0,175,0,62,0,38,0
lms,com.skilrock.lms.web.drawGames.playMgmt,OneToTwelveAction,1198,0,66,0,221,0,46,0,13,0
lms,com.skilrock.lms.web.drawGames.playMgmt,ZimLottoBonusAction,279,1237,26,40,49,248,32,67,11,55
lms,com.skilrock.lms.web.drawGames.playMgmt,ZimLottoAction,294,0,12,0,87,0,33,0,27,0
lms,com.skilrock.lms.web.drawGames.playMgmt,FortuneAction,285,0,6,0,86,0,32,0,29,0
lms,com.skilrock.lms.web.drawGames.playMgmt,SportsLotteryAction,273,0,34,0,60,0,22,0,5,0
lms,com.skilrock.lms.web.drawGames.playMgmt,FastLottoAction,320,0,12,0,90,0,33,0,27,0
lms,com.skilrock.lms.web.drawGames.playMgmt,FortuneTwoAction,275,0,6,0,84,0,32,0,29,0
lms,com.skilrock.lms.web.drawGames.playMgmt,BonusBallTwoAction,335,0,16,0,99,0,39,0,31,0
lms,com.skilrock.lms.web.drawGames.playMgmt,Card12Action,388,0,6,0,98,0,34,0,31,0
lms,com.skilrock.lms.web.drawGames.playMgmt,Card16Action,406,0,6,0,94,0,35,0,32,0
lms,com.skilrock.lms.web.drawGames.playMgmt,ZimLottoBonusTwoAction,531,0,32,0,143,0,55,0,39,0
lms,com.skilrock.lms.api.beans,GameInfoBean,80,0,0,0,34,0,23,0,23,0
lms,com.skilrock.lms.api.beans,GameDrawInfoBean,17,0,0,0,7,0,5,0,5,0
lms,com.skilrock.lms.api.beans,PanelBean,66,0,0,0,28,0,19,0,19,0
lms,com.skilrock.lms.api.beans,CancelBean,59,0,0,0,25,0,17,0,17,0
lms,com.skilrock.lms.api.beans,DrawDetailsBean,45,0,0,0,19,0,13,0,13,0
lms,com.skilrock.lms.api.beans,TicketHeaderInfoBean,38,0,0,0,16,0,11,0,11,0
lms,com.skilrock.lms.api.beans,TPLottoPurchaseBean,192,0,0,0,82,0,55,0,55,0
lms,com.skilrock.lms.api.beans,ReprintBean,45,0,0,0,19,0,13,0,13,0
lms,com.skilrock.lms.api.beans,PWTApiBean,94,0,0,0,40,0,27,0,27,0
lms,com.skilrock.lms.api.beans,TPKenoPurchaseBean,164,0,0,0,70,0,47,0,47,0
lms,com.skilrock.lms.api.beans,TpPwtApiBean,80,0,0,0,34,0,23,0,23,0
lms,com.skilrock.lms.api.beans,TPUserBalaanceBean,31,0,0,0,13,0,9,0,9,0
lms,com.skilrock.lms.api.beans,RaffleBean,38,0,0,0,16,0,11,0,11,0
lms,com.skilrock.lms.api.beans,TPGameDetailsBean,31,0,0,0,13,0,9,0,9,0
lms,com.skilrock.lms.coreEngine.loginMgmt.common,ManualVersionDownloadForRetailerHelper,132,0,8,0,31,0,6,0,2,0
lms,com.skilrock.lms.coreEngine.loginMgmt.common,WebAuthenticationHelper,1143,0,72,0,194,0,40,0,4,0
lms,com.skilrock.lms.coreEngine.loginMgmt.common,UserAuthenticationHelper,3427,0,306,0,654,0,180,0,27,0
lms,com.skilrock.lms.coreEngine.loginMgmt.common,AgentAuthenticationHelper,119,0,8,0,27,0,6,0,2,0
lms,com.skilrock.lms.coreEngine.loginMgmt.common,CheckAnsHelper,190,0,4,0,47,0,4,0,2,0
lms,com.skilrock.lms.coreEngine.loginMgmt.common,AuthenticationHelperforBOMaster,1143,0,62,0,211,0,38,0,7,0
lms,com.skilrock.lms.coreEngine.loginMgmt.common,ChangePasswordHelper,638,0,56,0,115,0,36,0,8,0
lms,com.skilrock.lms.coreEngine.reportsMgmt.controllerImpl,NetSaleWinningRepControllerImpl,89,0,14,0,24,0,11,0,4,0
lms,com.skilrock.lms.coreEngine.reportsMgmt.controllerImpl,PriviledgeModificationControllerImpl,194,0,12,0,56,0,12,0,6,0
lms,com.skilrock.lms.coreEngine.reportsMgmt.controllerImpl,UssdSubscriberWiseReportControllerImpl,133,0,6,0,27,0,6,0,3,0
lms,com.skilrock.lms.coreEngine.reportsMgmt.controllerImpl,DetailedWinningControllerImpl.new TypeToken() {...},6,0,0,0,1,0,1,0,1,0
lms,com.skilrock.lms.coreEngine.reportsMgmt.controllerImpl,DetailedWinningControllerImpl,278,0,26,0,66,0,17,0,4,0
lms,com.skilrock.lms.coreEngine.reportsMgmt.controllerImpl,UssdSubscriberWiseReportControllerImpl.new TypeToken() {...},6,0,0,0,1,0,1,0,1,0
lms,com.skilrock.lms.coreEngine.reportsMgmt.controllerImpl,GoodCauseControllerImpl,67,0,4,0,21,0,6,0,4,0
lms,com.skilrock.lms.coreEngine.reportsMgmt.controllerImpl,JackpotDetailReportControllerImpl,107,0,6,0,28,0,7,0,4,0
lms,com.skilrock.lms.coreEngine.reportsMgmt.controllerImpl,MTNWinningTransferControllerImpl,199,0,12,0,50,0,11,0,5,0
lms,com.skilrock.lms.coreEngine.reportsMgmt.controllerImpl,MTNLedgerReportControllerImpl.new TypeToken() {...},6,0,0,0,1,0,1,0,1,0
lms,com.skilrock.lms.coreEngine.reportsMgmt.controllerImpl,ReconciliationReportControllerImpl.new TypeToken() {...},6,0,0,0,1,0,1,0,1,0
lms,com.skilrock.lms.coreEngine.reportsMgmt.controllerImpl,ReconciliationReportControllerImpl.new TypeToken() {...},6,0,0,0,1,0,1,0,1,0
lms,com.skilrock.lms.coreEngine.reportsMgmt.controllerImpl,ReconciliationReportControllerImpl,285,0,12,0,72,0,12,0,6,0
lms,com.skilrock.lms.coreEngine.reportsMgmt.controllerImpl,IntakeReportControllerImpl,68,0,4,0,21,0,6,0,4,0
lms,com.skilrock.lms.coreEngine.reportsMgmt.controllerImpl,DailyBillingReportControllerImpl,65,0,0,0,19,0,2,0,2,0
lms,com.skilrock.lms.coreEngine.reportsMgmt.controllerImpl,MTNLedgerReportControllerImpl,93,0,6,0,22,0,5,0,2,0
lms,com.skilrock.lms.coreEngine.reportsMgmt.controllerImpl,JackpotDetailReportControllerImpl.new TypeToken() {...},6,0,0,0,1,0,1,0,1,0
lms,com.skilrock.lms.coreEngine.reportsMgmt.controllerImpl,MTNWinningTransferControllerImpl.new TypeToken() {...},6,0,0,0,1,0,1,0,1,0
lms,com.skilrock.lms.api.common,TPBoPwtProcessHelper,1448,0,106,0,349,0,60,0,7,0
lms,com.skilrock.lms.api.common,TpSystemAuthenticationBean,31,0,0,0,13,0,9,0,9,0
lms,com.skilrock.lms.api.common,TPBoPwtProcessHelper.new TypeToken() {...},6,0,0,0,1,0,1,0,1,0
lms,com.skilrock.lms.api.common,TpUtilityHelper,606,0,22,0,160,0,22,0,11,0
lms,com.skilrock.lms.api.common,LmsWrapperOrgRegShiftBeanComp,10,0,0,0,2,0,2,0,2,0
lms,com.skilrock.lms.controller.userMgmtController,UserMgmtController,286,0,24,0,80,0,19,0,7,0
lms,com.skilrock.ola.accMgmt.controllerImpl,OlaAgtDepositControllerImpl,517,0,36,0,120,0,22,0,4,0
lms,com.skilrock.ola.accMgmt.controllerImpl,OlaAgtWithdrawlControllerImpl,542,0,32,0,125,0,19,0,3,0
lms,com.skilrock.ola.accMgmt.controllerImpl,OlaRetDepositControllerImpl,607,0,42,0,135,0,25,0,4,0
lms,com.skilrock.ola.accMgmt.controllerImpl,OlaBoDepositControllerImpl,394,0,28,0,96,0,18,0,4,0
lms,com.skilrock.ola.accMgmt.controllerImpl,OlaRetWithdrawlControllerImpl,596,0,36,0,138,0,21,0,3,0
lms,com.skilrock.ola.accMgmt.controllerImpl,OlaBoWithdrawlControllerImpl,457,0,30,0,109,0,18,0,3,0
lms,com.skilrock.lms.ebet.Action,EbetPlayAction,392,0,24,0,71,0,18,0,6,0
[...]
lms,com.skilrock.ola.userMgmt.controllerImpl,OlaPlrRegistrationControllerImpl,272,0,34,0,57,0,21,0,4,0
lms,com.skilrock.lms.keba.loginMgmt.javaBeans,FFTLoginBean,38,0,0,0,17,0,11,0,11,0
lms,com.skilrock.lms.web.inventoryMgmt.common,ConsNNonConsInvAction,3104,0,200,0,639,0,249,0,149,0
lms,com.skilrock.lms.web.inventoryMgmt.common,BODirectInvAssignNReturnAction,420,0,20,0,102,0,37,0,27,0
lms,com.skilrock.lms.web.inventoryMgmt.common,GenerateDeliveryByHtml,661,0,24,0,107,0,26,0,14,0
lms,com.skilrock.lms.web.inventoryMgmt.common,CustomerBean,31,0,0,0,13,0,9,0,9,0
lms,com.skilrock.lms.web.inventoryMgmt.common,TerminalFlow,156,0,12,0,40,0,20,0,14,0
lms,com.skilrock.lms.web.inventoryMgmt.common,GenerateDeliveryNoteByPDF,3123,0,60,0,650,0,45,0,15,0
lms,com.skilrock.lms.web.bankMgmt.beans,BranchDetailsBean,73,0,0,0,31,0,21,0,21,0
lms,com.skilrock.lms.web.bankMgmt.beans,BankDetailsBean,80,0,0,0,35,0,23,0,23,0
lms,com.skilrock.lms.web.bankMgmt.beans,BankRepDataBean,143,0,0,0,61,0,41,0,41,0
lms,com.skilrock.ola.api.beans,PlayerDepositIntegrationResponseBean,3,0,0,0,1,0,1,0,1,0
lms,com.skilrock.ola.api.beans,RequestResponseBean,17,0,0,0,7,0,5,0,5,0
lms,com.skilrock.ola.api.beans,PlayerDepositIntegrationRequestBean,24,0,0,0,10,0,7,0,7,0
lms,com.skilrock.lms.web.reportsMgmt.common,WriteExcelForCollectionReport,5200,0,192,0,577,0,105,0,9,0
lms,com.skilrock.lms.web.reportsMgmt.common,ExportExcelHelper,916,0,26,0,210,0,19,0,6,0
lms,com.skilrock.lms.web.reportsMgmt.common,WriteExcelForComplCollReport,7348,0,176,0,904,0,103,0,15,0
lms,com.skilrock.lms.web.reportsMgmt.common,VSSaleReconciliationController,93,0,0,0,17,0,2,0,2,0
lms,com.skilrock.lms.web.reportsMgmt.common,AuditTrailReportAction.new Comparator() {...},14,0,0,0,2,0,2,0,2,0
lms,com.skilrock.lms.web.reportsMgmt.common,RetActivityReport,246,0,12,0,65,0,28,0,22,0
lms,com.skilrock.lms.web.reportsMgmt.common,MRPSalesReportLagosAction,312,0,8,0,72,0,21,0,17,0
lms,com.skilrock.lms.web.reportsMgmt.common,ExportDataExcel,214,0,2,0,53,0,5,0,4,0
lms,com.skilrock.lms.web.reportsMgmt.common,CashCheqReportForRet,265,0,10,0,64,0,18,0,13,0
lms,com.skilrock.lms.web.reportsMgmt.common,CompleteCollectionReportMRPAction,1319,0,28,0,235,0,43,0,29,0
lms,com.skilrock.lms.web.reportsMgmt.common,ExportToPDFCommonAction,1110,0,62,0,208,0,41,0,10,0
lms,com.skilrock.lms.web.reportsMgmt.common,LedgerAction,2726,0,120,0,435,0,106,0,46,0
lms,com.skilrock.lms.web.reportsMgmt.common,BOQuickLedgerAction,1609,0,72,0,288,0,70,0,34,0
lms,com.skilrock.lms.web.reportsMgmt.common,TallyXmlReportAction,185,0,6,0,52,0,20,0,17,0
lms,com.skilrock.lms.web.reportsMgmt.common,PriviledgeModificationReportAction,158,0,2,0,48,0,21,0,20,0
lms,com.skilrock.lms.web.reportsMgmt.common,CompleteCollectionReportAction,1488,0,50,0,295,0,54,0,29,0
lms,com.skilrock.lms.web.reportsMgmt.common,DetailedWinningReportAction,359,0,14,0,91,0,37,0,30,0
lms,com.skilrock.lms.web.reportsMgmt.common,AgentAutoBlockReportAction,124,0,4,0,41,0,15,0,13,0
lms,com.skilrock.lms.web.reportsMgmt.common,ReconcilationReportRetAction,1055,0,34,0,200,0,46,0,29,0
lms,com.skilrock.lms.web.reportsMgmt.common,RetDailyLedgerAction,541,0,16,0,96,0,15,0,7,0
lms,com.skilrock.lms.web.reportsMgmt.common,ReconcilationReportAction,929,0,24,0,194,0,35,0,23,0
lms,com.skilrock.lms.web.reportsMgmt.common,IntakeReportAction,96,0,0,0,30,0,13,0,13,0
lms,com.skilrock.lms.web.reportsMgmt.common,VSSaleReconciliationAction,179,0,2,0,49,0,18,0,17,0
lms,com.skilrock.lms.web.reportsMgmt.common,JackpotDetailReportAction,87,0,0,0,29,0,11,0,11,0
lms,com.skilrock.lms.web.reportsMgmt.common,CollectionReportOverAllAction,386,0,10,0,93,0,26,0,21,0
lms,com.skilrock.lms.web.reportsMgmt.common,CollectionLiveReportOverAllAction,480,0,16,0,104,0,25,0,17,0
lms,com.skilrock.lms.web.reportsMgmt.common,AgentCollectionReportOverAllAction,313,0,6,0,76,0,19,0,16,0
lms,com.skilrock.lms.web.reportsMgmt.common,AuditTrailReportAction,278,0,4,0,73,0,30,0,28,0
lms,com.skilrock.lms.web.reportsMgmt.common,ReportUtility,3097,0,214,0,743,0,155,0,48,0
lms,com.skilrock.lms.web.reportsMgmt.common,CashCheqReportActionGhana,1448,0,80,0,331,0,86,0,46,0
lms,com.skilrock.lms.web.reportsMgmt.common,ActInactInvStatusReportAction,362,0,6,0,94,0,37,0,34,0
lms,com.skilrock.lms.web.reportsMgmt.common,RetailerDetailedCollectionReportAction,724,0,50,0,136,0,32,0,7,0
lms,com.skilrock.lms.web.reportsMgmt.common,PaymentLedgerReportAction,499,0,18,0,111,0,28,0,19,0
lms,com.skilrock.lms.web.reportsMgmt.common,CollectionReportOverAllActionLagos,311,0,6,0,70,0,21,0,18,0
lms,com.skilrock.lms.web.reportsMgmt.common,NewRetActivityReport,729,0,16,0,198,0,101,0,93,0
lms,com.skilrock.lms.web.reportsMgmt.common,OpenSavePDF,200,0,4,0,51,0,11,0,9,0
lms,com.skilrock.lms.web.reportsMgmt.common,TallyXmlGeneratorBO,1423,0,46,0,277,0,51,0,28,0
lms,com.skilrock.lms.web.reportsMgmt.common,ToBeCollectedReportForLagosAction,259,0,6,0,68,0,18,0,15,0
lms,com.skilrock.lms.web.reportsMgmt.common,LiveGameReportAction,839,0,14,0,172,0,33,0,26,0
lms,com.skilrock.lms.web.reportsMgmt.common,GraphReportAction,1745,0,62,0,309,0,78,0,47,0
lms,com.skilrock.lms.web.reportsMgmt.common,NetSaleWinningReportAction,171,0,2,0,41,0,17,0,16,0
lms,com.skilrock.lms.web.reportsMgmt.common,GoodCauseReportAction,66,0,0,0,21,0,9,0,9,0
lms,com.skilrock.lms.web.reportsMgmt.common,PostSaleDepositRepAgentAction,134,0,10,0,35,0,21,0,16,0
lms,com.skilrock.lms.web.reportsMgmt.common,BOLimitDistributionReport,149,0,0,0,42,0,19,0,19,0
lms,com.skilrock.lms.web.reportsMgmt.common,TallyXMLFilesDailyScheduleHelper,939,0,54,0,210,0,33,0,6,0
lms,com.skilrock.lms.web.reportsMgmt.common,DashBoardAction,142,0,2,0,32,0,15,0,14,0
lms,com.skilrock.lms.web.reportsMgmt.common,AgentWiseRetailerActivityAction,152,0,2,0,41,0,16,0,15,0
lms,com.skilrock.lms.web.reportsMgmt.common,SecurityDepositAndLevyReportAction,33,0,0,0,13,0,6,0,6,0
lms,com.skilrock.lms.web.reportsMgmt.common,PaymentLedgerRetailerWiseReportAction,295,0,6,0,71,0,23,0,20,0
lms,com.skilrock.lms.web.reportsMgmt.common,CustomTransactionReportAction,361,0,12,0,83,0,28,0,22,0
lms,com.skilrock.lms.web.reportsMgmt.common,WriteExcelForCashChq,2980,0,142,0,414,0,93,0,22,0
lms,com.skilrock.lms.web.reportsMgmt.common,Transaction_5_90_ReportAction,186,0,4,0,53,0,21,0,19,0
lms,com.skilrock.lms.web.reportsMgmt.common,ReportDataUtility,792,0,64,0,164,0,38,0,6,0
lms,com.skilrock.lms.web.reportsMgmt.common,CashCheqReportAction,1630,0,90,0,372,0,101,0,56,0
lms,com.skilrock.lms.web.reportsMgmt.common,ExportToExcelCommonAction,1207,0,40,0,281,0,28,0,8,0
lms,com.skilrock.lms.web.reportsMgmt.common,CollectionReportAction,845,0,28,0,170,0,35,0,20,0
lms,com.skilrock.lms.web.reportsMgmt.common,IncentiveSchemeAnalysisReportHelper,878,0,84,0,188,0,51,0,9,0
lms,com.skilrock.lms.web.reportsMgmt.common,AgentWiseRetailerActivityHelper,411,0,16,0,95,0,12,0,4,0
lms,com.skilrock.lms.web.reportsMgmt.common,TallyXMLFilesMonthlyScheduleHelper,1410,0,88,0,258,0,52,0,8,0
lms,com.skilrock.lms.web.reportsMgmt.common,RGReportAction,161,0,2,0,50,0,19,0,18,0
lms,com.skilrock.lms.web.reportsMgmt.common,IncentiveSchemeAnalysisReportHelper.new Comparator() {...},19,0,0,0,2,0,2,0,2,0
lms,com.skilrock.lms.web.reportsMgmt.common,IncentiveSchemeAnalysisReportHelper.new Comparator() {...},19,0,0,0,2,0,2,0,2,0
lms,com.skilrock.lms.web.reportsMgmt.common,CreditDebitNoteReportAction,189,0,2,0,51,0,22,0,21,0
lms,com.skilrock.lms.web.reportsMgmt.common,DrawPendingReportAction,207,0,10,0,52,0,25,0,20,0
lms,com.skilrock.lms.web.reportsMgmt.common,UserPrivReportAction,318,0,6,0,93,0,43,0,40,0
lms,com.skilrock.lms.web.reportsMgmt.common,RegionWiseBankReportAction,205,0,2,0,56,0,23,0,22,0
lms,com.skilrock.lms.web.reportsMgmt.common,ActInactInvStatusReportHelper,1102,0,60,0,196,0,38,0,8,0
lms,com.skilrock.lms.web.reportsMgmt.common,WriteExcelForCashChqGhana,2504,0,34,0,382,0,39,0,22,0
lms,com.skilrock.lms.web.reportsMgmt.common,AgentWiseSaleReportAction,83,0,0,0,24,0,8,0,8,0
lms,com.skilrock.lms.web.reportsMgmt.common,VSSaleReconciliationDao,3,0,0,0,1,0,1,0,1,0
lms,com.skilrock.lms.web.reportsMgmt.common,IncentiveSchemeAnalysisReportAction,528,0,36,0,129,0,61,0,43,0
lms,com.skilrock.lms.web.reportsMgmt.common,AgentWisePayOutCenterReportAction,108,0,4,0,36,0,17,0,15,0
lms,com.skilrock.lms.web.reportsMgmt.common,AgtDailyLedgerAction,549,0,16,0,98,0,20,0,12,0
lms,com.skilrock.lms.web.reportsMgmt.common,WriteExcelForConsLiveGameReport,1788,0,28,0,232,0,24,0,10,0
lms,com.skilrock.lms.web.commercialService.productMgmt,CSProductRegistrationAction,305,0,4,0,104,0,47,0,45,0
lms,com.skilrock.lms.rest.scratchService.pwtMgmt.beans,ScratchWinningPaymentBean,0,31,0,0,0,13,0,9,0,9
lms,com.skilrock.lms.rest.scratchService.pwtMgmt.beans,ScratchWinningDataBean,17,17,0,0,1,7,1,5,1,5
lms,com.skilrock.lms.rest.scratchService.pwtMgmt.beans,ScratchTicketVirnData,49,9,0,0,11,3,7,3,7,3
lms,com.skilrock.lms.web.sportsLottery.reportsMgmt.controller,SLERetailerReportsControllerImpl,295,0,24,0,67,0,16,0,4,0
lms,com.skilrock.lms.web.sportsLottery.reportsMgmt.controller,SLEAgentReportsControllerImpl,967,0,80,0,185,0,48,0,8,0
lms,com.cssl.ctp.il.xsd.voucher_v1,VoucherTopUpResponseBodyType,17,0,0,0,7,0,5,0,5,0
lms,com.cssl.ctp.il.xsd.voucher_v1,ObjectFactory,7,0,0,0,3,0,2,0,2,0
lms,com.skilrock.lms.coreEngine.sportsLottery.common.controllerImpl,CommonMethodsControllerImpl,239,0,18,0,56,0,17,0,8,0
lms,com.skilrock.lms.web.sportsLottery.reportsMgmt.common,SLGameDataReportAction,92,0,0,0,35,0,17,0,17,0
lms,com.skilrock.lms.api.lms.beans,ObjectFactory,11,0,0,0,4,0,3,0,3,0
lms,com.skilrock.lms.api.lms.beans,LmsUserIdMappingResponseBean,31,0,0,0,13,0,9,0,9,0
lms,com.skilrock.lms.api.lms.beans,LmsUserIdMappingRequestBean,192,0,0,0,82,0,55,0,55,0
lms,com.skilrock.lms.coreEngine.scratchService.inventoryMgmt.serviceImpl,WarehouseShiftInventoryServiceImpl,947,0,68,0,187,0,41,0,7,0
lms,com.skilrock.lms.rest.scratchService.orderMgmt.controller,OrderHistory,45,0,0,0,19,0,13,0,13,0
lms,com.skilrock.lms.rest.scratchService.orderMgmt.controller,ScratchController,509,440,38,20,118,97,32,26,10,19
lms,com.skilrock.lms.coreEngine.messageMgmt.common,InboxMessageMgmtHelper,957,0,26,0,228,0,23,0,10,0
lms,com.skilrock.lms.coreEngine.sportsLottery.dataMgmt.controllerImpl,SportsLotteryDataControllerImpl,99,0,4,0,30,0,7,0,5,0
lms,com.skilrock.lms.web.drawGames.reportsMgmt.beans,ReconcileBean,108,0,0,0,47,0,31,0,31,0
lms,com.skilrock.lms.web.drawGames.reportsMgmt.beans,PendingWinningTransferDataBean,50,0,0,0,20,0,13,0,13,0
lms,com.skilrock.lms.web.drawGames.reportsMgmt.beans,RegionWiseDataBean,115,0,0,0,49,0,33,0,33,0
lms,com.skilrock.lms.coreEngine.sportsLottery.reportsMgmt.daoImpl,GameDataReportDaoImpl,252,0,6,0,40,0,6,0,3,0
lms,com.skilrock.ola.embedded.dataMgmt.action,DataMgmtAction,229,0,12,0,58,0,19,0,13,0
lms,com.skilrock.lms.rest.common,MerchantAuthorizationHelper,53,0,2,0,15,0,3,0,2,0
lms,com.skilrock.lms.rest.common,LocalThreadData,38,0,0,0,16,0,11,0,11,0
lms,com.skilrock.lms.rest.common,AuthorizationRequestFilter,159,0,8,0,29,0,8,0,4,0
lms,com.skilrock.lms.rest.common,TransactionManager,67,0,0,0,20,0,12,0,12,0
lms,com.skilrock.lms.coreEngine.ola,OlaRummyCounterReset,315,0,16,0,72,0,13,0,5,0
lms,com.skilrock.lms.coreEngine.ola,OlaRummyWithdrawalHelper,479,0,22,0,117,0,15,0,4,0
lms,com.skilrock.lms.coreEngine.ola,OLAPlrLotteryHelper,3218,0,204,0,691,0,114,0,12,0
lms,com.skilrock.lms.coreEngine.ola,OlaHelper,3384,0,208,0,773,0,136,0,20,0
lms,com.skilrock.lms.coreEngine.ola,OlaRummyWithRequestHelper,324,0,34,0,87,0,20,0,3,0
lms,com.skilrock.lms.coreEngine.ola,NetGamingExpAgentHelper,491,0,20,0,82,0,15,0,5,0
lms,com.skilrock.lms.coreEngine.ola,OlaCommissionHelper,2054,0,86,0,419,0,54,0,11,0
lms,com.skilrock.lms.coreEngine.ola,CreateNewPlayerHelper,1718,0,86,0,356,0,53,0,10,0
lms,com.skilrock.lms.coreEngine.ola,NetGamingForRummyHelper,3530,0,126,0,636,0,89,0,26,0
lms,com.skilrock.lms.coreEngine.ola,OLARummyHelper,1271,0,44,0,282,0,33,0,11,0
lms,com.skilrock.lms.coreEngine.ola,OLARummyHelper.new X509TrustManager() {...},10,0,0,0,4,0,4,0,4,0
lms,com.skilrock.lms.coreEngine.ola,CreateTransactionForCommissionHelper,1094,0,36,0,228,0,28,0,10,0
lms,com.skilrock.lms.coreEngine.ola,SendSMS,227,0,6,0,43,0,7,0,4,0
lms,com.skilrock.lms.coreEngine.instantWin.common.daoImpl,CommonMethodsDaoImpl,268,0,12,0,71,0,11,0,5,0
lms,com.skilrock.lms.api.ola.beans,OlaRummyDepositBean,80,0,0,0,34,0,23,0,23,0
lms,com.skilrock.lms.api.ola.beans,OlaWithdrwalDetailsBean,87,0,0,0,37,0,25,0,25,0
lms,com.skilrock.lms.api.ola.beans,OlaRummyNGTxnRepBean,27,0,2,0,9,0,6,0,5,0
lms,com.skilrock.lms.api.ola.beans,OlaRummyNGPlrTxnRepBean,59,0,0,0,25,0,17,0,17,0
lms,com.skilrock.lms.api.ola.beans,OlaWithdrawlRequestBean,45,0,0,0,19,0,13,0,13,0
lms,com.skilrock.lms.api.ola.beans,OlaWalletIntegrationBean,38,0,0,0,16,0,11,0,11,0
lms,com.skilrock.lms.api.ola.beans,OlaRummyNGDepositRepBean,55,0,2,0,21,0,14,0,13,0
lms,com.skilrock.lms.web.instantWin.common,InstantWinPCPOS,462,0,8,0,113,0,11,0,7,0
lms,com.skilrock.lms.coreEngine.userMgmt.serviceImpl,LmsStateDateServiceImpl,45,0,0,0,15,0,3,0,3,0
lms,com.skilrock.lms.coreEngine.userMgmt.serviceImpl,LmsUserDataServiceImpl,59,0,0,0,17,0,3,0,3,0
lms,com.skilrock.lms.coreEngine.userMgmt.serviceImpl,LmsCityDataServiceImpl,46,0,0,0,15,0,3,0,3,0
lms,com.skilrock.lms.coreEngine.userMgmt.serviceImpl,MessageInboxServiceImpl,569,0,8,0,173,0,20,0,16,0
lms,com.skilrock.lms.coreEngine.sportsLottery.playMgmt.controllerImpl,SportsLotteryGameTicketCancelControllerImpl,3,0,0,0,1,0,1,0,1,0
lms,com.skilrock.lms.coreEngine.sportsLottery.playMgmt.controllerImpl,SportsLotteryGamePlayControllerImpl,114,0,6,0,29,0,5,0,2,0
lms,com.skilrock.lms.coreEngine.sportsLottery.playMgmt.controllerImpl,SportsLotteryGameTicketReprintControllerImpl,3,0,0,0,1,0,1,0,1,0
lms,com.skilrock.lms.coreEngine.virtualSport.common.serviceImpl,TpVirtualSportsServiceImpl,1292,0,68,0,215,0,40,0,6,0
lms,com.skilrock.lms.web.commercialService.reportsMgmt,CSSaleReportAction,1490,0,64,0,324,0,67,0,35,0
lms,com.skilrock.lms.web.reportsMgmt.customized,CustomSaleReportAction,153,0,0,0,42,0,17,0,17,0
lms,com.skilrock.lms.coreEngine.scratchService.gameMgmt.common,GameDetailsManagementHelper,853,0,20,0,139,0,13,0,3,0
lms,com.skilrock.lms.coreEngine.scratchService.gameMgmt.common,CalculateUnclaimedHelper,82,0,0,0,31,0,2,0,2,0
lms,com.skilrock.lms.coreEngine.scratchService.gameMgmt.common,ExtendPwtDateHelper,352,0,34,0,95,0,20,0,3,0
lms,com.skilrock.lms.coreEngine.scratchService.gameMgmt.common,GameuploadHelper,4077,0,232,0,859,0,143,0,27,0
lms,com.skilrock.lms.coreEngine.scratchService.gameMgmt.common,SearchOpenGameHelper,607,0,16,0,160,0,14,0,6,0
lms,com.skilrock.lms.coreEngine.drawGames.reportMgmt,BlockTicketsReportHelper,183,0,6,0,52,0,6,0,3,0
lms,com.skilrock.lms.coreEngine.drawGames.reportMgmt,DrawPwtReportHelper,2583,0,120,0,519,0,82,0,22,0
lms,com.skilrock.lms.coreEngine.drawGames.reportMgmt,DGNumberAnalysisReportHelper,179,0,4,0,45,0,7,0,5,0
lms,com.skilrock.lms.coreEngine.drawGames.reportMgmt,DGSaleReportsHelper.new TypeToken() {...},6,0,0,0,1,0,1,0,1,0
lms,com.skilrock.lms.coreEngine.drawGames.reportMgmt,DGSaleReportsHelper.new TypeToken() {...},6,0,0,0,1,0,1,0,1,0
lms,com.skilrock.lms.coreEngine.drawGames.reportMgmt,DGSaleReportsHelper.new TypeToken() {...},6,0,0,0,1,0,1,0,1,0
lms,com.skilrock.lms.coreEngine.drawGames.reportMgmt,DGPwtReportRetHelper,260,0,16,0,43,0,11,0,3,0
lms,com.skilrock.lms.coreEngine.drawGames.reportMgmt,DGFullReportHelperSP,789,0,62,0,156,0,34,0,3,0
lms,com.skilrock.lms.coreEngine.drawGames.reportMgmt,DGSaleReportAgtHelper,761,0,30,0,151,0,21,0,6,0
lms,com.skilrock.lms.coreEngine.drawGames.reportMgmt,CombinitionAnalysisDataDrawWiseHelper.new TypeToken() {...},6,0,0,0,1,0,1,0,1,0
lms,com.skilrock.lms.coreEngine.drawGames.reportMgmt,DrawSaleReportHelperSP,2570,0,82,0,481,0,53,0,12,0
lms,com.skilrock.lms.coreEngine.drawGames.reportMgmt,BlockTicketsReportHelper.new TypeToken() {...},6,0,0,0,1,0,1,0,1,0
lms,com.skilrock.lms.coreEngine.drawGames.reportMgmt,DrawSaleReportHelper,2537,0,136,0,509,0,85,0,17,0
lms,com.skilrock.lms.coreEngine.drawGames.reportMgmt,CombinitionAnalysisDataDrawWiseHelper,74,0,2,0,22,0,4,0,3,0
lms,com.skilrock.lms.coreEngine.drawGames.reportMgmt,DGSaleReportRetHelper,362,0,18,0,50,0,12,0,3,0
lms,com.skilrock.lms.coreEngine.drawGames.reportMgmt,DGPwtUnclaimedReportHelper,1239,0,92,0,208,0,50,0,4,0
lms,com.skilrock.lms.coreEngine.drawGames.reportMgmt,DGPwtUnclaimedReportHelper.new TypeToken() {...},6,0,0,0,1,0,1,0,1,0
lms,com.skilrock.lms.coreEngine.drawGames.reportMgmt,IDrawPwtReportHelper,4,0,0,0,1,0,1,0,1,0
lms,com.skilrock.lms.coreEngine.drawGames.reportMgmt,DGNumberAnalysisReportHelper.new TypeToken() {...},6,0,0,0,1,0,1,0,1,0
lms,com.skilrock.lms.coreEngine.drawGames.reportMgmt,DGNumberAnalysisReportHelper.new TypeToken() {...},6,0,0,0,1,0,1,0,1,0
lms,com.skilrock.lms.coreEngine.drawGames.reportMgmt,DGNumberAnalysisReportHelper.new TypeToken() {...},6,0,0,0,1,0,1,0,1,0
lms,com.skilrock.lms.coreEngine.drawGames.reportMgmt,DGNumberAnalysisReportHelper.new TypeToken() {...},6,0,0,0,1,0,1,0,1,0
lms,com.skilrock.lms.coreEngine.drawGames.reportMgmt,MerchatWiseSaleWinningReportHelper,156,0,4,0,49,0,5,0,3,0
lms,com.skilrock.lms.coreEngine.drawGames.reportMgmt,DGPwtReportAgtHelper,896,0,52,0,159,0,32,0,6,0
lms,com.skilrock.lms.coreEngine.drawGames.reportMgmt,DGSaleReportsHelper,1759,0,90,0,338,0,56,0,11,0
lms,com.skilrock.lms.coreEngine.drawGames.reportMgmt,RetWiseSummeryTxnReportHelper,189,0,6,0,41,0,6,0,3,0
lms,com.skilrock.lms.coreEngine.drawGames.reportMgmt,DGFullReportHelper,540,0,28,0,95,0,17,0,3,0
lms,com.skilrock.lms.coreEngine.drawGames.reportMgmt,DrawAnalysisReportRetailerWiseHelper,560,0,34,0,126,0,22,0,5,0
lms,com.skilrock.lms.coreEngine.drawGames.reportMgmt,DrawPwtReportHelperSP,3358,0,112,0,613,0,74,0,18,0
lms,com.skilrock.lms.coreEngine.drawGames.reportMgmt,DGPwtReportHelper,1992,0,132,0,365,0,81,0,15,0
lms,com.skilrock.ola.reportsMgmt.controllerImpl,OlaAgentReportControllerImpl,383,0,24,0,81,0,16,0,4,0
lms,com.skilrock.ola.reportsMgmt.controllerImpl,OlaBOReportController,17,0,0,0,5,0,2,0,2,0
lms,com.skilrock.ola.reportsMgmt.controllerImpl,OlaRetailerReportControllerImpl,135,0,8,0,33,0,8,0,4,0
lms,com.skilrock.ola.reportsMgmt.controllerImpl,DepositWthdrwReportControllerImpl,1847,0,40,0,439,0,29,0,9,0
lms,com.skilrock.ola.reportsMgmt.controllerImpl,SearchPlayerControllerImpl,295,0,24,0,58,0,15,0,3,0
lms,com.skilrock.lms.coreEngine.userMgmt.daoImpl,LmsStateDataDaoImpl,93,0,2,0,24,0,4,0,3,0
lms,com.skilrock.lms.coreEngine.userMgmt.daoImpl,LmsCityDataDaoImpl,92,0,2,0,23,0,4,0,3,0
lms,com.skilrock.lms.coreEngine.userMgmt.daoImpl,LmsUserDataDaoImpl,141,0,4,0,35,0,5,0,3,0
lms,com.skilrock.lms.coreEngine.userMgmt.daoImpl,MessageInboxDaoImpl,1232,0,58,0,236,0,47,0,18,0
lms,com.skilrock.lms.coreEngine.sportsLottery.dataMgmt.daoImpl,SportsLotteryDataDaoImpl,3,0,0,0,1,0,1,0,1,0
lms,com.skilrock.lms.wrapper.common,Wraper.Activity,3,0,0,0,1,0,1,0,1,0
lms,com.skilrock.lms.wrapper.common,NotifyWrapper,40,0,2,0,13,0,5,0,4,0
lms,com.skilrock.lms.wrapper.common,WrapperUtils,259,0,22,0,52,0,14,0,3,0
lms,com.skilrock.lms.wrapper.common,Wraper.Errors,3,0,0,0,1,0,1,0,1,0
lms,com.skilrock.lms.wrapper.common,WrapperNotificationManager,52,0,0,0,18,0,3,0,3,0
lms,com.skilrock.lms.wrapper.common,Wraper,3,0,0,0,2,0,1,0,1,0
lms,com.skilrock.lms.web.instantWin.reportsMgmt.controller,IWAgentReportsControllerImpl,979,0,80,0,187,0,48,0,8,0
lms,com.skilrock.lms.web.instantWin.reportsMgmt.controller,IWRetailerReportsControllerImpl,395,0,32,0,89,0,21,0,5,0
lms,com.skilrock.lms.rest.scratchService.dataMgmt.mobile.serviceImpl,TpScratchServiceDataServiceImpl,31,0,0,0,10,0,2,0,2,0
lms,com.skilrock.ola.embedded.accMgmt.action,RetailerAccountMgmtAction,748,0,24,0,178,0,44,0,32,0
lms,com.skilrock.lms.rest.scratchService.orderMgmt.serviceImpl,ScratchServiceImpl,100,172,6,18,32,47,11,17,7,9
lms,com.skilrock.lms.common.filter,LMSFilterDispatcher,807,90,44,0,214,44,50,8,28,8
