<?xml version="1.0" encoding="UTF-8" ?>
<testsuite failures="0" time="0.401" errors="0" skipped="0" tests="25" name="com.skilrock.lms.rest.scratchService.inventoryMgmt.serviceImpl.BookActivationServiceImplTest">
  <properties>
[...]
</properties>
  <testcase time="0.147" classname="com.skilrock.lms.rest.scratchService.inventoryMgmt.serviceImpl.BookActivationServiceImplTest" name="isValidBookNbrReturn_FalseifGameMapIsNotNullButRecievedBookNbrIsNotInGameMap"/>
  <testcase time="0.078" classname="com.skilrock.lms.rest.scratchService.inventoryMgmt.serviceImpl.BookActivationServiceImplTest" name="isValidBookNbr_ReturnTrueifGameMapIsNotNullButRecievedBookNbrIsInGameMap"/>
  <testcase time="0.004" classname="com.skilrock.lms.rest.scratchService.inventoryMgmt.serviceImpl.BookActivationServiceImplTest" name="isValidBookNbr_ReturnFalseIfBookNbrIsNotValidFormatAndNotPresentInDataBase"/>
  <testcase time="0.003" classname="com.skilrock.lms.rest.scratchService.inventoryMgmt.serviceImpl.BookActivationServiceImplTest" name="isValidBookNbr_ReturnTrueIfBookNbrIsNotValidFormatButPresentInDB"/>
  <testcase time="0.002" classname="com.skilrock.lms.rest.scratchService.inventoryMgmt.serviceImpl.BookActivationServiceImplTest" name="canCreateUpdateBookNbrStatus"/>
  <testcase time="0.002" classname="com.skilrock.lms.rest.scratchService.inventoryMgmt.serviceImpl.BookActivationServiceImplTest" name="updateBookNbrStatus_RetureSuccessIfGetSuccessFromHelper"/>
  <testcase time="0.002" classname="com.skilrock.lms.rest.scratchService.inventoryMgmt.serviceImpl.BookActivationServiceImplTest" name="updateBookNbrStatus_ReturnFailIfGetNullFromHelper"/>
  <testcase time="0.002" classname="com.skilrock.lms.rest.scratchService.inventoryMgmt.serviceImpl.BookActivationServiceImplTest" name="updateBookNbrStatus_ReturnFailIfHelperIsNull"/>
  <testcase time="0.006" classname="com.skilrock.lms.rest.scratchService.inventoryMgmt.serviceImpl.BookActivationServiceImplTest" name="isvalidBokkNbr_ReturnsFalseInCaseOfAnyException"/>
  <testcase time="0.002" classname="com.skilrock.lms.rest.scratchService.inventoryMgmt.serviceImpl.BookActivationServiceImplTest" name="isBookNumberValid_exists"/>
  <testcase time="0.003" classname="com.skilrock.lms.rest.scratchService.inventoryMgmt.serviceImpl.BookActivationServiceImplTest" name="isBookNumberValid_returnFalseIfGameMapIsNull"/>
  <testcase time="0.002" classname="com.skilrock.lms.rest.scratchService.inventoryMgmt.serviceImpl.BookActivationServiceImplTest" name="canCreateBookActivationServiceImpl"/>
  <testcase time="0.002" classname="com.skilrock.lms.rest.scratchService.inventoryMgmt.serviceImpl.BookActivationServiceImplTest" name="isvalidBokkNbrList_ReturnsFalseInCaseOfHelperIsNotInjected"/>
  <testcase time="0.002" classname="com.skilrock.lms.rest.scratchService.inventoryMgmt.serviceImpl.BookActivationServiceImplTest" name="isvalidBokkNbrList_ReturnsFalseInCaseOfScratchDaoIsNotInjected"/>
  <testcase time="0.002" classname="com.skilrock.lms.rest.scratchService.inventoryMgmt.serviceImpl.BookActivationServiceImplTest" name="updateBookNbrStatus_ReturnFailIfScracthDaoIsNull"/>
  <testcase time="0.084" classname="com.skilrock.lms.rest.scratchService.inventoryMgmt.serviceImpl.BookActivationServiceImplTest" name="isTicketByTicketSale_MethodExists"/>
  <testcase time="0.001" classname="com.skilrock.lms.rest.scratchService.inventoryMgmt.serviceImpl.BookActivationServiceImplTest" name="ticketByTicketSale_ReturnsFailInCaseOfScratchDaoIsNotInjected"/>
  <testcase time="0.001" classname="com.skilrock.lms.rest.scratchService.inventoryMgmt.serviceImpl.BookActivationServiceImplTest" name="ticketByTicketSale_ReturnsFailInCaseOfUserOrgIdAndUserIdComesNull"/>
  <testcase time="0.008" classname="com.skilrock.lms.rest.scratchService.inventoryMgmt.serviceImpl.BookActivationServiceImplTest" name="ticketByTicketSale_ReturnsValidResponseStringIfSaleTicketHelperIsInjected"/>
  <testcase time="0.002" classname="com.skilrock.lms.rest.scratchService.inventoryMgmt.serviceImpl.BookActivationServiceImplTest" name="ticketByTicketSale_ReturnsFailIfSaleTicketHelperIsNotInjected"/>
  <testcase time="0.031" classname="com.skilrock.lms.rest.scratchService.inventoryMgmt.serviceImpl.BookActivationServiceImplTest" name="isTicketByTicketUnSold_MethodExists"/>
  <testcase time="0.001" classname="com.skilrock.lms.rest.scratchService.inventoryMgmt.serviceImpl.BookActivationServiceImplTest" name="ticketByTicketUnSold_ReturnsFailInCaseOfScratchDaoIsNotInjected"/>
  <testcase time="0.002" classname="com.skilrock.lms.rest.scratchService.inventoryMgmt.serviceImpl.BookActivationServiceImplTest" name="ticketByTicketUnSold_ReturnsFailInCaseOfDaoBeanNull"/>
  <testcase time="0.01" classname="com.skilrock.lms.rest.scratchService.inventoryMgmt.serviceImpl.BookActivationServiceImplTest" name="ticketByTicketUnSold_ReturnsValidResponseStringIfSaleTicketHelperIsInjected"/>
  <testcase time="0.002" classname="com.skilrock.lms.rest.scratchService.inventoryMgmt.serviceImpl.BookActivationServiceImplTest" name="ticketByTicketUnSold_ReturnsFailIfSaleTicketHelperIsNotInjected"/>
</testsuite>