<?xml version="1.0" encoding="UTF-8" ?>
<testsuite failures="0" time="0.248" errors="0" skipped="1" tests="31" name="com.skilrock.lms.rest.scratchService.pwtMgmt.controller.ScratchWinningControllerTest">
  <properties>
[...]
</properties>
  <testcase time="0.023" classname="com.skilrock.lms.rest.scratchService.pwtMgmt.controller.ScratchWinningControllerTest" name="verifyAndPayWinning_ReturnsMessageVIRNNumberCannotBeEmptyIfTicketNumberNotSentInRequest"/>
  <testcase time="0" classname="com.skilrock.lms.rest.scratchService.pwtMgmt.controller.ScratchWinningControllerTest" name="verifyAndPayWinning_Returns2002CodeForInvalidJson"/>
  <testcase time="0" classname="com.skilrock.lms.rest.scratchService.pwtMgmt.controller.ScratchWinningControllerTest" name="verifyAndPayWinning_ReturnsInvalidUserIfUserInfoBeanIsNull">
    <skipped/>
  </testcase>
  <testcase time="0.15" classname="com.skilrock.lms.rest.scratchService.pwtMgmt.controller.ScratchWinningControllerTest" name="verifyAndPayWinning_ReturnsStatusWinForPWTTicketNumber"/>
  <testcase time="0.004" classname="com.skilrock.lms.rest.scratchService.pwtMgmt.controller.ScratchWinningControllerTest" name="verifyAndPayWinning_Returns2021CodeIfTpUserIdNotSentInRequest"/>
  <testcase time="0.004" classname="com.skilrock.lms.rest.scratchService.pwtMgmt.controller.ScratchWinningControllerTest" name="verifyAndPayWinning_ReturnsMessageTpUserIdCannotBeEmptyIfTicketNumberNotSentInRequest"/>
  <testcase time="0.001" classname="com.skilrock.lms.rest.scratchService.pwtMgmt.controller.ScratchWinningControllerTest" name="verifyWinning_ReturnsErrorMessageWhenRequestIdNotProvided"/>
  <testcase time="0" classname="com.skilrock.lms.rest.scratchService.pwtMgmt.controller.ScratchWinningControllerTest" name="verifyAndPayWinning_ReturnsMessageSomeInternalErrorForEmptyString"/>
  <testcase time="0" classname="com.skilrock.lms.rest.scratchService.pwtMgmt.controller.ScratchWinningControllerTest" name="verifyWinning_ReturnsErrorMessageWhenTPUserIdNotProvided"/>
  <testcase time="0.004" classname="com.skilrock.lms.rest.scratchService.pwtMgmt.controller.ScratchWinningControllerTest" name="verifyAndPayWinning_Returns2021CodeIfTicketNumberNotSentInRequest"/>
  <testcase time="0.004" classname="com.skilrock.lms.rest.scratchService.pwtMgmt.controller.ScratchWinningControllerTest" name="verifyAndPayWinning_Returns2021CodeIfVIRNNumberNotSentInRequest"/>
  <testcase time="0" classname="com.skilrock.lms.rest.scratchService.pwtMgmt.controller.ScratchWinningControllerTest" name="verifyWinning_ReturnsErrorMessageWhenEmptyJSON"/>
  <testcase time="0.001" classname="com.skilrock.lms.rest.scratchService.pwtMgmt.controller.ScratchWinningControllerTest" name="verifyWinning_ReturnsErrorMessageWhenUserNotExist"/>
  <testcase time="0.004" classname="com.skilrock.lms.rest.scratchService.pwtMgmt.controller.ScratchWinningControllerTest" name="verifyAndPayWinning_ReturnsMessageRequestIdCannotBeEmptyIfTicketNumberNotSentInRequest"/>
  <testcase time="0.003" classname="com.skilrock.lms.rest.scratchService.pwtMgmt.controller.ScratchWinningControllerTest" name="verifyAndPayWinning_Returns2021CodeIfRequestIdNotSentInRequest"/>
  <testcase time="0.003" classname="com.skilrock.lms.rest.scratchService.pwtMgmt.controller.ScratchWinningControllerTest" name="verifyWinning_ReturnsSuccessWhenTicketNumberHasWinningWithUnclaimedStatus"/>
  <testcase time="0.005" classname="com.skilrock.lms.rest.scratchService.pwtMgmt.controller.ScratchWinningControllerTest" name="verifyAndPayWinning_ReturnsStatusHighPrizeForNoPWTTicketNumber"/>
  <testcase time="0.005" classname="com.skilrock.lms.rest.scratchService.pwtMgmt.controller.ScratchWinningControllerTest" name="verifyAndPayWinning_ReturnsInvalidTicketForWrongTicketFormatInRequest"/>
  <testcase time="0.001" classname="com.skilrock.lms.rest.scratchService.pwtMgmt.controller.ScratchWinningControllerTest" name="verifyWinning_ReturnsErrorMessageWhenTktNoNotProvided"/>
  <testcase time="0" classname="com.skilrock.lms.rest.scratchService.pwtMgmt.controller.ScratchWinningControllerTest" name="verifyAndPayWinning_ReturnsMessageSomeInternalErrorForNullInput"/>
  <testcase time="0.004" classname="com.skilrock.lms.rest.scratchService.pwtMgmt.controller.ScratchWinningControllerTest" name="verifyAndPayWinning_ReturnsMessageTpUserIdNotProvidedIfTpUserIdNotSentInRequest"/>
  <testcase time="0.004" classname="com.skilrock.lms.rest.scratchService.pwtMgmt.controller.ScratchWinningControllerTest" name="verifyAndPayWinning_ReturnsStatusClaimedForNoPWTTicketNumber"/>
  <testcase time="0.004" classname="com.skilrock.lms.rest.scratchService.pwtMgmt.controller.ScratchWinningControllerTest" name="verifyAndPayWinning_ReturnsMessageRequestIdNotProvidedIfRequestIdNotSentInRequest"/>
  <testcase time="0.004" classname="com.skilrock.lms.rest.scratchService.pwtMgmt.controller.ScratchWinningControllerTest" name="verifyAndPayWinning_ReturnsMessageVIRNNumberNotProvidedIfVIRNNumberNotSentInRequest"/>
  <testcase time="0.002" classname="com.skilrock.lms.rest.scratchService.pwtMgmt.controller.ScratchWinningControllerTest" name="verifyWinning_ReturnsErrorMessageSomeInternalErrorForInvalidJson"/>
  <testcase time="0.004" classname="com.skilrock.lms.rest.scratchService.pwtMgmt.controller.ScratchWinningControllerTest" name="verifyAndPayWinning_ReturnsMessageTicketNumberNotProvidedIfTicketNumberNotSentInRequest"/>
  <testcase time="0.004" classname="com.skilrock.lms.rest.scratchService.pwtMgmt.controller.ScratchWinningControllerTest" name="verifyAndPayWinning_ReturnsMessageTicketNumberCannotBeEmptyIfTicketNumberNotSentInRequest"/>
  <testcase time="0" classname="com.skilrock.lms.rest.scratchService.pwtMgmt.controller.ScratchWinningControllerTest" name="verifyAndPayWinning_ReturnsMessageSomeInternalErrorForInvalidJson"/>
  <testcase time="0.005" classname="com.skilrock.lms.rest.scratchService.pwtMgmt.controller.ScratchWinningControllerTest" name="verifyAndPayWinning_ReturnsWinAmountForPWTTicketNumber"/>
  <testcase time="0.001" classname="com.skilrock.lms.rest.scratchService.pwtMgmt.controller.ScratchWinningControllerTest" name="verifyWinning_ReturnsErrorMessageWhenVirnNoNotProvided"/>
  <testcase time="0.004" classname="com.skilrock.lms.rest.scratchService.pwtMgmt.controller.ScratchWinningControllerTest" name="verifyAndPayWinning_ReturnsNoWinningForNoPWTTicketNumber"/>
</testsuite>